{"D:\\Projects\\battery-state-card\\src\\colors.ts": {"path":"D:\\Projects\\battery-state-card\\src\\colors.ts","statementMap":{"0":{"start":{"line":1,"column":0},"end":{"line":1,"column":59}},"1":{"start":{"line":10,"column":40},"end":{"line":36,"column":1}},"2":{"start":{"line":12,"column":4},"end":{"line":14,"column":5}},"3":{"start":{"line":13,"column":8},"end":{"line":13,"column":43}},"4":{"start":{"line":16,"column":4},"end":{"line":18,"column":5}},"5":{"start":{"line":17,"column":8},"end":{"line":17,"column":28}},"6":{"start":{"line":20,"column":23},"end":{"line":20,"column":81}},"7":{"start":{"line":22,"column":4},"end":{"line":24,"column":5}},"8":{"start":{"line":23,"column":8},"end":{"line":23,"column":94}},"9":{"start":{"line":26,"column":36},"end":{"line":26,"column":53}},"10":{"start":{"line":27,"column":4},"end":{"line":33,"column":5}},"11":{"start":{"line":29,"column":8},"end":{"line":32,"column":11}},"12":{"start":{"line":30,"column":12},"end":{"line":30,"column":60}},"13":{"start":{"line":31,"column":12},"end":{"line":31,"column":21}},"14":{"start":{"line":35,"column":4},"end":{"line":35,"column":115}},"15":{"start":{"line":35,"column":33},"end":{"line":35,"column":58}},"16":{"start":{"line":10,"column":14},"end":{"line":10,"column":40}},"17":{"start":{"line":44,"column":26},"end":{"line":87,"column":1}},"18":{"start":{"line":46,"column":20},"end":{"line":46,"column":44}},"19":{"start":{"line":46,"column":36},"end":{"line":46,"column":43}},"20":{"start":{"line":47,"column":4},"end":{"line":50,"column":5}},"21":{"start":{"line":48,"column":8},"end":{"line":48,"column":92}},"22":{"start":{"line":49,"column":8},"end":{"line":49,"column":28}},"23":{"start":{"line":52,"column":4},"end":{"line":55,"column":5}},"24":{"start":{"line":53,"column":8},"end":{"line":53,"column":90}},"25":{"start":{"line":54,"column":8},"end":{"line":54,"column":28}},"26":{"start":{"line":58,"column":4},"end":{"line":84,"column":5}},"27":{"start":{"line":58,"column":26},"end":{"line":58,"column":46}},"28":{"start":{"line":60,"column":22},"end":{"line":60,"column":31}},"29":{"start":{"line":61,"column":8},"end":{"line":63,"column":9}},"30":{"start":{"line":62,"column":12},"end":{"line":62,"column":31}},"31":{"start":{"line":65,"column":21},"end":{"line":65,"column":39}},"32":{"start":{"line":66,"column":8},"end":{"line":68,"column":9}},"33":{"start":{"line":67,"column":12},"end":{"line":67,"column":30}},"34":{"start":{"line":70,"column":22},"end":{"line":70,"column":62}},"35":{"start":{"line":70,"column":44},"end":{"line":70,"column":61}},"36":{"start":{"line":71,"column":8},"end":{"line":79,"column":9}},"37":{"start":{"line":72,"column":12},"end":{"line":72,"column":73}},"38":{"start":{"line":74,"column":12},"end":{"line":74,"column":113}},"39":{"start":{"line":77,"column":13},"end":{"line":79,"column":9}},"40":{"start":{"line":77,"column":68},"end":{"line":77,"column":98}},"41":{"start":{"line":78,"column":12},"end":{"line":78,"column":55}},"42":{"start":{"line":81,"column":9},"end":{"line":84,"column":5}},"43":{"start":{"line":82,"column":8},"end":{"line":82,"column":107}},"44":{"start":{"line":83,"column":8},"end":{"line":83,"column":28}},"45":{"start":{"line":86,"column":4},"end":{"line":86,"column":64}},"46":{"start":{"line":92,"column":21},"end":{"line":92,"column":30}},"47":{"start":{"line":97,"column":41},"end":{"line":97,"column":191}},"48":{"start":{"line":102,"column":26},"end":{"line":102,"column":45}},"49":{"start":{"line":109,"column":30},"end":{"line":116,"column":1}},"50":{"start":{"line":110,"column":4},"end":{"line":110,"column":35}},"51":{"start":{"line":111,"column":4},"end":{"line":115,"column":null}},"52":{"start":{"line":124,"column":43},"end":{"line":154,"column":1}},"53":{"start":{"line":126,"column":4},"end":{"line":126,"column":20}},"54":{"start":{"line":128,"column":26},"end":{"line":133,"column":6}},"55":{"start":{"line":129,"column":8},"end":{"line":132,"column":null}},"56":{"start":{"line":135,"column":22},"end":{"line":135,"column":23}},"57":{"start":{"line":136,"column":4},"end":{"line":140,"column":5}},"58":{"start":{"line":137,"column":8},"end":{"line":139,"column":9}},"59":{"start":{"line":138,"column":12},"end":{"line":138,"column":18}},"60":{"start":{"line":142,"column":18},"end":{"line":142,"column":48}},"61":{"start":{"line":143,"column":18},"end":{"line":143,"column":44}},"62":{"start":{"line":144,"column":18},"end":{"line":144,"column":39}},"63":{"start":{"line":145,"column":21},"end":{"line":145,"column":46}},"64":{"start":{"line":146,"column":21},"end":{"line":146,"column":33}},"65":{"start":{"line":147,"column":21},"end":{"line":147,"column":29}},"66":{"start":{"line":148,"column":18},"end":{"line":152,"column":6}},"67":{"start":{"line":153,"column":4},"end":{"line":153,"column":97}},"68":{"start":{"line":153,"column":54},"end":{"line":153,"column":85}},"69":{"start":{"line":161,"column":30},"end":{"line":175,"column":1}},"70":{"start":{"line":162,"column":4},"end":{"line":165,"column":5}},"71":{"start":{"line":163,"column":8},"end":{"line":163,"column":85}},"72":{"start":{"line":164,"column":8},"end":{"line":164,"column":21}},"73":{"start":{"line":167,"column":4},"end":{"line":172,"column":5}},"74":{"start":{"line":168,"column":8},"end":{"line":171,"column":9}},"75":{"start":{"line":169,"column":12},"end":{"line":169,"column":105}},"76":{"start":{"line":170,"column":12},"end":{"line":170,"column":25}},"77":{"start":{"line":174,"column":4},"end":{"line":174,"column":16}},"78":{"start":{"line":183,"column":28},"end":{"line":190,"column":1}},"79":{"start":{"line":184,"column":19},"end":{"line":184,"column":102}},"80":{"start":{"line":184,"column":44},"end":{"line":184,"column":79}},"81":{"start":{"line":184,"column":96},"end":{"line":184,"column":101}},"82":{"start":{"line":186,"column":18},"end":{"line":186,"column":55}},"83":{"start":{"line":187,"column":26},"end":{"line":187,"column":43}},"84":{"start":{"line":189,"column":4},"end":{"line":189,"column":51}},"85":{"start":{"line":197,"column":19},"end":{"line":197,"column":130}},"86":{"start":{"line":197,"column":47},"end":{"line":197,"column":130}}},"fnMap":{"0":{"name":"(anonymous_0)","decl":{"start":{"line":10,"column":40},"end":{"line":10,"column":41}},"loc":{"start":{"line":10,"column":136},"end":{"line":36,"column":1}}},"1":{"name":"(anonymous_1)","decl":{"start":{"line":29,"column":36},"end":{"line":29,"column":37}},"loc":{"start":{"line":29,"column":40},"end":{"line":32,"column":9}}},"2":{"name":"(anonymous_2)","decl":{"start":{"line":35,"column":27},"end":{"line":35,"column":29}},"loc":{"start":{"line":35,"column":33},"end":{"line":35,"column":58}}},"3":{"name":"(anonymous_3)","decl":{"start":{"line":44,"column":26},"end":{"line":44,"column":27}},"loc":{"start":{"line":44,"column":103},"end":{"line":87,"column":1}}},"4":{"name":"(anonymous_4)","decl":{"start":{"line":46,"column":31},"end":{"line":46,"column":32}},"loc":{"start":{"line":46,"column":36},"end":{"line":46,"column":43}}},"5":{"name":"(anonymous_5)","decl":{"start":{"line":58,"column":21},"end":{"line":58,"column":22}},"loc":{"start":{"line":58,"column":26},"end":{"line":58,"column":46}}},"6":{"name":"(anonymous_6)","decl":{"start":{"line":70,"column":39},"end":{"line":70,"column":40}},"loc":{"start":{"line":70,"column":44},"end":{"line":70,"column":61}}},"7":{"name":"(anonymous_7)","decl":{"start":{"line":77,"column":63},"end":{"line":77,"column":64}},"loc":{"start":{"line":77,"column":68},"end":{"line":77,"column":98}}},"8":{"name":"(anonymous_8)","decl":{"start":{"line":109,"column":30},"end":{"line":109,"column":31}},"loc":{"start":{"line":109,"column":48},"end":{"line":116,"column":1}}},"9":{"name":"(anonymous_9)","decl":{"start":{"line":124,"column":43},"end":{"line":124,"column":53}},"loc":{"start":{"line":124,"column":82},"end":{"line":154,"column":1}}},"10":{"name":"(anonymous_10)","decl":{"start":{"line":128,"column":37},"end":{"line":128,"column":38}},"loc":{"start":{"line":128,"column":54},"end":{"line":133,"column":5}}},"11":{"name":"(anonymous_11)","decl":{"start":{"line":153,"column":49},"end":{"line":153,"column":50}},"loc":{"start":{"line":153,"column":54},"end":{"line":153,"column":85}}},"12":{"name":"(anonymous_12)","decl":{"start":{"line":161,"column":30},"end":{"line":161,"column":31}},"loc":{"start":{"line":161,"column":59},"end":{"line":175,"column":1}}},"13":{"name":"(anonymous_13)","decl":{"start":{"line":183,"column":28},"end":{"line":183,"column":29}},"loc":{"start":{"line":183,"column":73},"end":{"line":190,"column":1}}},"14":{"name":"(anonymous_14)","decl":{"start":{"line":184,"column":34},"end":{"line":184,"column":35}},"loc":{"start":{"line":184,"column":44},"end":{"line":184,"column":79}}},"15":{"name":"(anonymous_15)","decl":{"start":{"line":184,"column":86},"end":{"line":184,"column":87}},"loc":{"start":{"line":184,"column":96},"end":{"line":184,"column":101}}},"16":{"name":"(anonymous_16)","decl":{"start":{"line":197,"column":19},"end":{"line":197,"column":23}},"loc":{"start":{"line":197,"column":47},"end":{"line":197,"column":130}}}},"branchMap":{"0":{"loc":{"start":{"line":12,"column":4},"end":{"line":14,"column":5}},"type":"if","locations":[{"start":{"line":12,"column":4},"end":{"line":14,"column":5}},{"start":{},"end":{}}]},"1":{"loc":{"start":{"line":12,"column":8},"end":{"line":12,"column":52}},"type":"binary-expr","locations":[{"start":{"line":12,"column":8},"end":{"line":12,"column":18}},{"start":{"line":12,"column":22},"end":{"line":12,"column":50}}]},"2":{"loc":{"start":{"line":12,"column":22},"end":{"line":12,"column":50}},"type":"cond-expr","locations":[{"start":{"line":12,"column":43},"end":{"line":12,"column":45}},{"start":{"line":12,"column":43},"end":{"line":12,"column":50}}]},"3":{"loc":{"start":{"line":12,"column":22},"end":{"line":12,"column":45}},"type":"binary-expr","locations":[{"start":{"line":12,"column":22},"end":{"line":12,"column":45}},{"start":{"line":12,"column":43},"end":{"line":12,"column":45}}]},"4":{"loc":{"start":{"line":16,"column":4},"end":{"line":18,"column":5}},"type":"if","locations":[{"start":{"line":16,"column":4},"end":{"line":18,"column":5}},{"start":{},"end":{}}]},"5":{"loc":{"start":{"line":16,"column":8},"end":{"line":16,"column":57}},"type":"binary-expr","locations":[{"start":{"line":16,"column":8},"end":{"line":16,"column":34}},{"start":{"line":16,"column":38},"end":{"line":16,"column":57}}]},"6":{"loc":{"start":{"line":20,"column":51},"end":{"line":20,"column":71}},"type":"cond-expr","locations":[{"start":{"line":20,"column":64},"end":{"line":20,"column":66}},{"start":{"line":20,"column":64},"end":{"line":20,"column":71}}]},"7":{"loc":{"start":{"line":20,"column":51},"end":{"line":20,"column":66}},"type":"binary-expr","locations":[{"start":{"line":20,"column":51},"end":{"line":20,"column":66}},{"start":{"line":20,"column":64},"end":{"line":20,"column":66}}]},"8":{"loc":{"start":{"line":22,"column":4},"end":{"line":24,"column":5}},"type":"if","locations":[{"start":{"line":22,"column":4},"end":{"line":24,"column":5}},{"start":{},"end":{}}]},"9":{"loc":{"start":{"line":22,"column":8},"end":{"line":22,"column":31}},"type":"cond-expr","locations":[{"start":{"line":22,"column":21},"end":{"line":22,"column":23}},{"start":{"line":22,"column":21},"end":{"line":22,"column":31}}]},"10":{"loc":{"start":{"line":22,"column":8},"end":{"line":22,"column":23}},"type":"binary-expr","locations":[{"start":{"line":22,"column":8},"end":{"line":22,"column":23}},{"start":{"line":22,"column":21},"end":{"line":22,"column":23}}]},"11":{"loc":{"start":{"line":23,"column":59},"end":{"line":23,"column":92}},"type":"cond-expr","locations":[{"start":{"line":23,"column":72},"end":{"line":23,"column":74}},{"start":{"line":23,"column":72},"end":{"line":23,"column":92}}]},"12":{"loc":{"start":{"line":23,"column":59},"end":{"line":23,"column":74}},"type":"binary-expr","locations":[{"start":{"line":23,"column":59},"end":{"line":23,"column":74}},{"start":{"line":23,"column":72},"end":{"line":23,"column":74}}]},"13":{"loc":{"start":{"line":27,"column":4},"end":{"line":33,"column":5}},"type":"if","locations":[{"start":{"line":27,"column":4},"end":{"line":33,"column":5}},{"start":{},"end":{}}]},"14":{"loc":{"start":{"line":27,"column":8},"end":{"line":27,"column":28}},"type":"cond-expr","locations":[{"start":{"line":27,"column":21},"end":{"line":27,"column":23}},{"start":{"line":27,"column":21},"end":{"line":27,"column":28}}]},"15":{"loc":{"start":{"line":27,"column":8},"end":{"line":27,"column":23}},"type":"binary-expr","locations":[{"start":{"line":27,"column":8},"end":{"line":27,"column":23}},{"start":{"line":27,"column":21},"end":{"line":27,"column":23}}]},"16":{"loc":{"start":{"line":30,"column":22},"end":{"line":30,"column":59}},"type":"cond-expr","locations":[{"start":{"line":30,"column":46},"end":{"line":30,"column":49}},{"start":{"line":30,"column":52},"end":{"line":30,"column":59}}]},"17":{"loc":{"start":{"line":35,"column":11},"end":{"line":35,"column":114}},"type":"binary-expr","locations":[{"start":{"line":35,"column":11},"end":{"line":35,"column":66}},{"start":{"line":35,"column":70},"end":{"line":35,"column":98}},{"start":{"line":35,"column":102},"end":{"line":35,"column":114}}]},"18":{"loc":{"start":{"line":35,"column":11},"end":{"line":35,"column":66}},"type":"cond-expr","locations":[{"start":{"line":35,"column":59},"end":{"line":35,"column":61}},{"start":{"line":35,"column":59},"end":{"line":35,"column":66}}]},"19":{"loc":{"start":{"line":35,"column":11},"end":{"line":35,"column":61}},"type":"binary-expr","locations":[{"start":{"line":35,"column":11},"end":{"line":35,"column":61}},{"start":{"line":35,"column":59},"end":{"line":35,"column":61}}]},"20":{"loc":{"start":{"line":47,"column":4},"end":{"line":50,"column":5}},"type":"if","locations":[{"start":{"line":47,"column":4},"end":{"line":50,"column":5}},{"start":{},"end":{}}]},"21":{"loc":{"start":{"line":52,"column":4},"end":{"line":55,"column":5}},"type":"if","locations":[{"start":{"line":52,"column":4},"end":{"line":55,"column":5}},{"start":{},"end":{}}]},"22":{"loc":{"start":{"line":58,"column":4},"end":{"line":84,"column":5}},"type":"if","locations":[{"start":{"line":58,"column":4},"end":{"line":84,"column":5}},{"start":{"line":81,"column":9},"end":{"line":84,"column":5}}]},"23":{"loc":{"start":{"line":61,"column":8},"end":{"line":63,"column":9}},"type":"if","locations":[{"start":{"line":61,"column":8},"end":{"line":63,"column":9}},{"start":{},"end":{}}]},"24":{"loc":{"start":{"line":66,"column":8},"end":{"line":68,"column":9}},"type":"if","locations":[{"start":{"line":66,"column":8},"end":{"line":68,"column":9}},{"start":{},"end":{}}]},"25":{"loc":{"start":{"line":71,"column":8},"end":{"line":79,"column":9}},"type":"if","locations":[{"start":{"line":71,"column":8},"end":{"line":79,"column":9}},{"start":{"line":77,"column":13},"end":{"line":79,"column":9}}]},"26":{"loc":{"start":{"line":77,"column":13},"end":{"line":79,"column":9}},"type":"if","locations":[{"start":{"line":77,"column":13},"end":{"line":79,"column":9}},{"start":{},"end":{}}]},"27":{"loc":{"start":{"line":77,"column":17},"end":{"line":77,"column":129}},"type":"binary-expr","locations":[{"start":{"line":77,"column":18},"end":{"line":77,"column":47}},{"start":{"line":77,"column":51},"end":{"line":77,"column":99}},{"start":{"line":77,"column":104},"end":{"line":77,"column":129}}]},"28":{"loc":{"start":{"line":77,"column":68},"end":{"line":77,"column":98}},"type":"binary-expr","locations":[{"start":{"line":77,"column":68},"end":{"line":77,"column":80}},{"start":{"line":77,"column":84},"end":{"line":77,"column":98}}]},"29":{"loc":{"start":{"line":81,"column":9},"end":{"line":84,"column":5}},"type":"if","locations":[{"start":{"line":81,"column":9},"end":{"line":84,"column":5}},{"start":{},"end":{}}]},"30":{"loc":{"start":{"line":81,"column":13},"end":{"line":81,"column":37}},"type":"binary-expr","locations":[{"start":{"line":81,"column":13},"end":{"line":81,"column":22}},{"start":{"line":81,"column":26},"end":{"line":81,"column":37}}]},"31":{"loc":{"start":{"line":137,"column":8},"end":{"line":139,"column":9}},"type":"if","locations":[{"start":{"line":137,"column":8},"end":{"line":139,"column":9}},{"start":{},"end":{}}]},"32":{"loc":{"start":{"line":162,"column":4},"end":{"line":165,"column":5}},"type":"if","locations":[{"start":{"line":162,"column":4},"end":{"line":165,"column":5}},{"start":{},"end":{}}]},"33":{"loc":{"start":{"line":168,"column":8},"end":{"line":171,"column":9}},"type":"if","locations":[{"start":{"line":168,"column":8},"end":{"line":171,"column":9}},{"start":{},"end":{}}]},"34":{"loc":{"start":{"line":184,"column":44},"end":{"line":184,"column":79}},"type":"cond-expr","locations":[{"start":{"line":184,"column":68},"end":{"line":184,"column":69}},{"start":{"line":184,"column":72},"end":{"line":184,"column":79}}]},"35":{"loc":{"start":{"line":197,"column":47},"end":{"line":197,"column":130}},"type":"cond-expr","locations":[{"start":{"line":197,"column":87},"end":{"line":197,"column":122}},{"start":{"line":197,"column":128},"end":{"line":197,"column":130}}]},"36":{"loc":{"start":{"line":197,"column":47},"end":{"line":197,"column":84}},"type":"binary-expr","locations":[{"start":{"line":197,"column":47},"end":{"line":197,"column":58}},{"start":{"line":197,"column":62},"end":{"line":197,"column":84}}]}},"s":{"0":1,"1":1,"2":66,"3":1,"4":65,"5":2,"6":63,"7":63,"8":34,"9":29,"10":29,"11":23,"12":64,"13":64,"14":29,"15":58,"16":1,"17":1,"18":34,"19":95,"20":34,"21":2,"22":2,"23":32,"24":0,"25":0,"26":32,"27":79,"28":24,"29":24,"30":7,"31":17,"32":17,"33":7,"34":10,"35":23,"36":10,"37":10,"38":10,"39":0,"40":0,"41":0,"42":8,"43":2,"44":2,"45":16,"46":1,"47":1,"48":1,"49":1,"50":37,"51":37,"52":1,"53":16,"54":16,"55":37,"56":16,"57":16,"58":5,"59":2,"60":16,"61":16,"62":16,"63":16,"64":16,"65":16,"66":16,"67":16,"68":48,"69":1,"70":34,"71":1,"72":1,"73":33,"74":93,"75":1,"76":1,"77":32,"78":1,"79":0,"80":0,"81":0,"82":0,"83":0,"84":0,"85":1,"86":20},"f":{"0":66,"1":64,"2":58,"3":34,"4":95,"5":79,"6":23,"7":0,"8":37,"9":16,"10":37,"11":48,"12":34,"13":0,"14":0,"15":0,"16":20},"b":{"0":[1,65],"1":[66,1],"2":[0,1],"3":[1,1],"4":[2,63],"5":[65,64],"6":[6,57],"7":[63,63],"8":[34,29],"9":[6,57],"10":[63,63],"11":[0,34],"12":[34,34],"13":[23,6],"14":[6,23],"15":[29,29],"16":[1,63],"17":[29,3,1],"18":[3,26],"19":[29,29],"20":[2,32],"21":[0,32],"22":[24,8],"23":[7,17],"24":[7,10],"25":[10,0],"26":[0,0],"27":[0,0,0],"28":[0,0],"29":[2,6],"30":[8,7],"31":[2,3],"32":[1,33],"33":[1,92],"34":[0,0],"35":[19,1],"36":[20,20]}}
,"D:\\Projects\\battery-state-card\\src\\filter.ts": {"path":"D:\\Projects\\battery-state-card\\src\\filter.ts","statementMap":{"0":{"start":{"line":194,"column":0},"end":{"line":194,"column":16}},"1":{"start":{"line":1,"column":0},"end":{"line":1,"column":104}},"2":{"start":{"line":6,"column":23},"end":{"line":10,"column":1}},"3":{"start":{"line":7,"column":4},"end":{"line":9,"column":5}},"4":{"start":{"line":8,"column":8},"end":{"line":8,"column":85}},"5":{"start":{"line":15,"column":119},"end":{"line":65,"column":null}},"6":{"start":{"line":16,"column":21},"end":{"line":16,"column":38}},"7":{"start":{"line":17,"column":25},"end":{"line":17,"column":42}},"8":{"start":{"line":19,"column":8},"end":{"line":21,"column":9}},"9":{"start":{"line":20,"column":12},"end":{"line":20,"column":25}},"10":{"start":{"line":23,"column":26},"end":{"line":23,"column":49}},"11":{"start":{"line":25,"column":8},"end":{"line":27,"column":9}},"12":{"start":{"line":26,"column":12},"end":{"line":26,"column":89}},"13":{"start":{"line":26,"column":36},"end":{"line":26,"column":87}},"14":{"start":{"line":29,"column":8},"end":{"line":29,"column":50}},"15":{"start":{"line":32,"column":8},"end":{"line":32,"column":46}},"16":{"start":{"line":33,"column":8},"end":{"line":33,"column":144}},"17":{"start":{"line":36,"column":8},"end":{"line":36,"column":46}},"18":{"start":{"line":37,"column":8},"end":{"line":37,"column":67}},"19":{"start":{"line":40,"column":8},"end":{"line":40,"column":46}},"20":{"start":{"line":41,"column":8},"end":{"line":41,"column":67}},"21":{"start":{"line":44,"column":8},"end":{"line":44,"column":47}},"22":{"start":{"line":45,"column":8},"end":{"line":45,"column":68}},"23":{"start":{"line":48,"column":8},"end":{"line":48,"column":47}},"24":{"start":{"line":49,"column":8},"end":{"line":49,"column":68}},"25":{"start":{"line":52,"column":8},"end":{"line":54,"column":9}},"26":{"start":{"line":53,"column":12},"end":{"line":53,"column":25}},"27":{"start":{"line":56,"column":8},"end":{"line":56,"column":null}},"28":{"start":{"line":58,"column":18},"end":{"line":58,"column":45}},"29":{"start":{"line":59,"column":8},"end":{"line":61,"column":9}},"30":{"start":{"line":60,"column":12},"end":{"line":60,"column":71}},"31":{"start":{"line":63,"column":8},"end":{"line":63,"column":64}},"32":{"start":{"line":70,"column":0},"end":{"line":70,"column":22}},"33":{"start":{"line":96,"column":8},"end":{"line":96,"column":16}},"34":{"start":{"line":95,"column":26},"end":{"line":95,"column":43}},"35":{"start":{"line":100,"column":8},"end":{"line":100,"column":65}},"36":{"start":{"line":100,"column":44},"end":{"line":100,"column":63}},"37":{"start":{"line":104,"column":8},"end":{"line":104,"column":63}},"38":{"start":{"line":104,"column":43},"end":{"line":104,"column":61}},"39":{"start":{"line":110,"column":8},"end":{"line":110,"column":80}},"40":{"start":{"line":110,"column":45},"end":{"line":110,"column":78}},"41":{"start":{"line":108,"column":0},"end":{"line":108,"column":13}},"42":{"start":{"line":116,"column":8},"end":{"line":116,"column":79}},"43":{"start":{"line":116,"column":44},"end":{"line":116,"column":77}},"44":{"start":{"line":114,"column":0},"end":{"line":114,"column":13}},"45":{"start":{"line":122,"column":8},"end":{"line":122,"column":78}},"46":{"start":{"line":122,"column":43},"end":{"line":122,"column":76}},"47":{"start":{"line":120,"column":0},"end":{"line":120,"column":13}},"48":{"start":{"line":129,"column":8},"end":{"line":129,"column":43}},"49":{"start":{"line":133,"column":8},"end":{"line":133,"column":137}},"50":{"start":{"line":137,"column":8},"end":{"line":137,"column":16}},"51":{"start":{"line":136,"column":24},"end":{"line":136,"column":39}},"52":{"start":{"line":141,"column":20},"end":{"line":141,"column":52}},"53":{"start":{"line":142,"column":8},"end":{"line":142,"column":43}},"54":{"start":{"line":151,"column":8},"end":{"line":154,"column":9}},"55":{"start":{"line":152,"column":12},"end":{"line":152,"column":50}},"56":{"start":{"line":153,"column":12},"end":{"line":153,"column":19}},"57":{"start":{"line":156,"column":8},"end":{"line":158,"column":9}},"58":{"start":{"line":157,"column":12},"end":{"line":157,"column":25}},"59":{"start":{"line":160,"column":8},"end":{"line":160,"column":64}},"60":{"start":{"line":169,"column":23},"end":{"line":169,"column":43}},"61":{"start":{"line":170,"column":8},"end":{"line":182,"column":9}},"62":{"start":{"line":171,"column":12},"end":{"line":181,"column":13}},"63":{"start":{"line":172,"column":16},"end":{"line":172,"column":36}},"64":{"start":{"line":174,"column":17},"end":{"line":181,"column":13}},"65":{"start":{"line":175,"column":16},"end":{"line":175,"column":31}},"66":{"start":{"line":178,"column":36},"end":{"line":178,"column":64}},"67":{"start":{"line":179,"column":30},"end":{"line":179,"column":61}},"68":{"start":{"line":180,"column":16},"end":{"line":180,"column":82}},"69":{"start":{"line":184,"column":21},"end":{"line":184,"column":47}},"70":{"start":{"line":185,"column":8},"end":{"line":188,"column":9}},"71":{"start":{"line":186,"column":12},"end":{"line":186,"column":122}},"72":{"start":{"line":187,"column":12},"end":{"line":187,"column":25}},"73":{"start":{"line":190,"column":8},"end":{"line":190,"column":44}},"74":{"start":{"line":126,"column":0},"end":{"line":126,"column":13}},"75":{"start":{"line":196,"column":4},"end":{"line":198,"column":5}},"76":{"start":{"line":197,"column":8},"end":{"line":197,"column":85}},"77":{"start":{"line":201,"column":34},"end":{"line":213,"column":5}},"78":{"start":{"line":205,"column":8},"end":{"line":205,"column":42}},"79":{"start":{"line":205,"column":30},"end":{"line":205,"column":42}},"80":{"start":{"line":207,"column":24},"end":{"line":207,"column":58}},"81":{"start":{"line":208,"column":8},"end":{"line":210,"column":9}},"82":{"start":{"line":209,"column":12},"end":{"line":209,"column":98}},"83":{"start":{"line":212,"column":8},"end":{"line":212,"column":58}},"84":{"start":{"line":215,"column":4},"end":{"line":218,"column":46}}},"fnMap":{"0":{"name":"(anonymous_0)","decl":{"start":{"line":6,"column":23},"end":{"line":6,"column":24}},"loc":{"start":{"line":6,"column":102},"end":{"line":10,"column":1}}},"1":{"name":"(anonymous_1)","decl":{"start":{"line":16,"column":14},"end":{"line":16,"column":17}},"loc":{"start":{"line":16,"column":21},"end":{"line":16,"column":38}}},"2":{"name":"(anonymous_2)","decl":{"start":{"line":17,"column":18},"end":{"line":17,"column":21}},"loc":{"start":{"line":17,"column":25},"end":{"line":17,"column":42}}},"3":{"name":"(anonymous_3)","decl":{"start":{"line":18,"column":16},"end":{"line":18,"column":17}},"loc":{"start":{"line":18,"column":81},"end":{"line":30,"column":5}}},"4":{"name":"(anonymous_4)","decl":{"start":{"line":26,"column":28},"end":{"line":26,"column":32}},"loc":{"start":{"line":26,"column":36},"end":{"line":26,"column":87}}},"5":{"name":"(anonymous_5)","decl":{"start":{"line":31,"column":9},"end":{"line":31,"column":10}},"loc":{"start":{"line":31,"column":30},"end":{"line":34,"column":5}}},"6":{"name":"(anonymous_6)","decl":{"start":{"line":35,"column":9},"end":{"line":35,"column":10}},"loc":{"start":{"line":35,"column":30},"end":{"line":38,"column":5}}},"7":{"name":"(anonymous_7)","decl":{"start":{"line":39,"column":9},"end":{"line":39,"column":10}},"loc":{"start":{"line":39,"column":30},"end":{"line":42,"column":5}}},"8":{"name":"(anonymous_8)","decl":{"start":{"line":43,"column":10},"end":{"line":43,"column":11}},"loc":{"start":{"line":43,"column":31},"end":{"line":46,"column":5}}},"9":{"name":"(anonymous_9)","decl":{"start":{"line":47,"column":10},"end":{"line":47,"column":11}},"loc":{"start":{"line":47,"column":31},"end":{"line":50,"column":5}}},"10":{"name":"(anonymous_10)","decl":{"start":{"line":51,"column":15},"end":{"line":51,"column":16}},"loc":{"start":{"line":51,"column":32},"end":{"line":64,"column":5}}},"11":{"name":"(anonymous_11)","decl":{"start":{"line":95,"column":4},"end":{"line":95,"column":26}},"loc":{"start":{"line":95,"column":43},"end":{"line":97,"column":5}}},"12":{"name":"(anonymous_12)","decl":{"start":{"line":99,"column":4},"end":{"line":99,"column":17}},"loc":{"start":{"line":99,"column":29},"end":{"line":101,"column":5}}},"13":{"name":"(anonymous_13)","decl":{"start":{"line":100,"column":34},"end":{"line":100,"column":40}},"loc":{"start":{"line":100,"column":44},"end":{"line":100,"column":63}}},"14":{"name":"(anonymous_14)","decl":{"start":{"line":103,"column":4},"end":{"line":103,"column":17}},"loc":{"start":{"line":103,"column":28},"end":{"line":105,"column":5}}},"15":{"name":"(anonymous_15)","decl":{"start":{"line":104,"column":33},"end":{"line":104,"column":39}},"loc":{"start":{"line":104,"column":43},"end":{"line":104,"column":61}}},"16":{"name":"(anonymous_16)","decl":{"start":{"line":109,"column":13},"end":{"line":109,"column":20}},"loc":{"start":{"line":109,"column":52},"end":{"line":111,"column":5}}},"17":{"name":"(anonymous_17)","decl":{"start":{"line":110,"column":35},"end":{"line":110,"column":41}},"loc":{"start":{"line":110,"column":45},"end":{"line":110,"column":78}}},"18":{"name":"(anonymous_18)","decl":{"start":{"line":115,"column":13},"end":{"line":115,"column":20}},"loc":{"start":{"line":115,"column":52},"end":{"line":117,"column":5}}},"19":{"name":"(anonymous_19)","decl":{"start":{"line":116,"column":34},"end":{"line":116,"column":40}},"loc":{"start":{"line":116,"column":44},"end":{"line":116,"column":77}}},"20":{"name":"(anonymous_20)","decl":{"start":{"line":121,"column":13},"end":{"line":121,"column":20}},"loc":{"start":{"line":121,"column":52},"end":{"line":123,"column":5}}},"21":{"name":"(anonymous_21)","decl":{"start":{"line":122,"column":33},"end":{"line":122,"column":39}},"loc":{"start":{"line":122,"column":43},"end":{"line":122,"column":76}}},"22":{"name":"(anonymous_22)","decl":{"start":{"line":128,"column":4},"end":{"line":128,"column":17}},"loc":{"start":{"line":128,"column":29},"end":{"line":130,"column":5}}},"23":{"name":"(anonymous_23)","decl":{"start":{"line":132,"column":4},"end":{"line":132,"column":17}},"loc":{"start":{"line":132,"column":28},"end":{"line":134,"column":5}}},"24":{"name":"(anonymous_24)","decl":{"start":{"line":136,"column":4},"end":{"line":136,"column":24}},"loc":{"start":{"line":136,"column":39},"end":{"line":138,"column":5}}},"25":{"name":"(anonymous_25)","decl":{"start":{"line":140,"column":4},"end":{"line":140,"column":11}},"loc":{"start":{"line":140,"column":43},"end":{"line":143,"column":5}}},"26":{"name":"(anonymous_26)","decl":{"start":{"line":150,"column":12},"end":{"line":150,"column":20}},"loc":{"start":{"line":150,"column":52},"end":{"line":161,"column":5}}},"27":{"name":"(anonymous_27)","decl":{"start":{"line":167,"column":12},"end":{"line":167,"column":29}},"loc":{"start":{"line":167,"column":50},"end":{"line":191,"column":5}}},"28":{"name":"createFilter","decl":{"start":{"line":194,"column":16},"end":{"line":194,"column":28}},"loc":{"start":{"line":194,"column":47},"end":{"line":219,"column":1}}},"29":{"name":"(anonymous_29)","decl":{"start":{"line":201,"column":34},"end":{"line":201,"column":null}},"loc":{"start":{"line":204,"column":23},"end":{"line":213,"column":5}}}},"branchMap":{"0":{"loc":{"start":{"line":7,"column":4},"end":{"line":9,"column":5}},"type":"if","locations":[{"start":{"line":7,"column":4},"end":{"line":9,"column":5}},{"start":{},"end":{}}]},"1":{"loc":{"start":{"line":7,"column":8},"end":{"line":7,"column":56}},"type":"binary-expr","locations":[{"start":{"line":7,"column":8},"end":{"line":7,"column":26}},{"start":{"line":7,"column":30},"end":{"line":7,"column":56}}]},"2":{"loc":{"start":{"line":19,"column":8},"end":{"line":21,"column":9}},"type":"if","locations":[{"start":{"line":19,"column":8},"end":{"line":21,"column":9}},{"start":{},"end":{}}]},"3":{"loc":{"start":{"line":19,"column":12},"end":{"line":19,"column":100}},"type":"binary-expr","locations":[{"start":{"line":19,"column":12},"end":{"line":19,"column":29}},{"start":{"line":19,"column":33},"end":{"line":19,"column":45}},{"start":{"line":19,"column":49},"end":{"line":19,"column":75}},{"start":{"line":19,"column":79},"end":{"line":19,"column":100}}]},"4":{"loc":{"start":{"line":25,"column":8},"end":{"line":27,"column":9}},"type":"if","locations":[{"start":{"line":25,"column":8},"end":{"line":27,"column":9}},{"start":{},"end":{}}]},"5":{"loc":{"start":{"line":26,"column":36},"end":{"line":26,"column":87}},"type":"binary-expr","locations":[{"start":{"line":26,"column":36},"end":{"line":26,"column":48}},{"start":{"line":26,"column":52},"end":{"line":26,"column":87}}]},"6":{"loc":{"start":{"line":33,"column":15},"end":{"line":33,"column":143}},"type":"cond-expr","locations":[{"start":{"line":33,"column":70},"end":{"line":33,"column":122}},{"start":{"line":33,"column":125},"end":{"line":33,"column":143}}]},"7":{"loc":{"start":{"line":33,"column":15},"end":{"line":33,"column":67}},"type":"binary-expr","locations":[{"start":{"line":33,"column":15},"end":{"line":33,"column":35}},{"start":{"line":33,"column":39},"end":{"line":33,"column":67}}]},"8":{"loc":{"start":{"line":52,"column":8},"end":{"line":54,"column":9}},"type":"if","locations":[{"start":{"line":52,"column":8},"end":{"line":54,"column":9}},{"start":{},"end":{}}]},"9":{"loc":{"start":{"line":52,"column":12},"end":{"line":52,"column":45}},"type":"binary-expr","locations":[{"start":{"line":52,"column":12},"end":{"line":52,"column":29}},{"start":{"line":52,"column":33},"end":{"line":52,"column":45}}]},"10":{"loc":{"start":{"line":59,"column":8},"end":{"line":61,"column":9}},"type":"if","locations":[{"start":{"line":59,"column":8},"end":{"line":61,"column":9}},{"start":{},"end":{}}]},"11":{"loc":{"start":{"line":59,"column":12},"end":{"line":59,"column":41}},"type":"binary-expr","locations":[{"start":{"line":59,"column":12},"end":{"line":59,"column":16}},{"start":{"line":59,"column":20},"end":{"line":59,"column":41}}]},"12":{"loc":{"start":{"line":63,"column":15},"end":{"line":63,"column":63}},"type":"cond-expr","locations":[{"start":{"line":63,"column":21},"end":{"line":63,"column":45}},{"start":{"line":63,"column":48},"end":{"line":63,"column":63}}]},"13":{"loc":{"start":{"line":133,"column":15},"end":{"line":133,"column":136}},"type":"binary-expr","locations":[{"start":{"line":133,"column":15},"end":{"line":133,"column":54}},{"start":{"line":133,"column":58},"end":{"line":133,"column":96}},{"start":{"line":133,"column":100},"end":{"line":133,"column":136}}]},"14":{"loc":{"start":{"line":151,"column":8},"end":{"line":154,"column":9}},"type":"if","locations":[{"start":{"line":151,"column":8},"end":{"line":154,"column":9}},{"start":{},"end":{}}]},"15":{"loc":{"start":{"line":156,"column":8},"end":{"line":158,"column":9}},"type":"if","locations":[{"start":{"line":156,"column":8},"end":{"line":158,"column":9}},{"start":{},"end":{}}]},"16":{"loc":{"start":{"line":156,"column":12},"end":{"line":156,"column":62}},"type":"binary-expr","locations":[{"start":{"line":156,"column":12},"end":{"line":156,"column":39}},{"start":{"line":156,"column":43},"end":{"line":156,"column":62}}]},"17":{"loc":{"start":{"line":170,"column":8},"end":{"line":182,"column":9}},"type":"if","locations":[{"start":{"line":170,"column":8},"end":{"line":182,"column":9}},{"start":{},"end":{}}]},"18":{"loc":{"start":{"line":171,"column":12},"end":{"line":181,"column":13}},"type":"if","locations":[{"start":{"line":171,"column":12},"end":{"line":181,"column":13}},{"start":{"line":174,"column":17},"end":{"line":181,"column":13}}]},"19":{"loc":{"start":{"line":174,"column":17},"end":{"line":181,"column":13}},"type":"if","locations":[{"start":{"line":174,"column":17},"end":{"line":181,"column":13}},{"start":{"line":177,"column":17},"end":{"line":181,"column":13}}]},"20":{"loc":{"start":{"line":180,"column":27},"end":{"line":180,"column":81}},"type":"cond-expr","locations":[{"start":{"line":180,"column":66},"end":{"line":180,"column":75}},{"start":{"line":180,"column":78},"end":{"line":180,"column":81}}]},"21":{"loc":{"start":{"line":180,"column":28},"end":{"line":180,"column":62}},"type":"binary-expr","locations":[{"start":{"line":180,"column":28},"end":{"line":180,"column":53}},{"start":{"line":180,"column":57},"end":{"line":180,"column":62}}]},"22":{"loc":{"start":{"line":185,"column":8},"end":{"line":188,"column":9}},"type":"if","locations":[{"start":{"line":185,"column":8},"end":{"line":188,"column":9}},{"start":{},"end":{}}]},"23":{"loc":{"start":{"line":196,"column":4},"end":{"line":198,"column":5}},"type":"if","locations":[{"start":{"line":196,"column":4},"end":{"line":198,"column":5}},{"start":{},"end":{}}]},"24":{"loc":{"start":{"line":196,"column":8},"end":{"line":196,"column":45}},"type":"binary-expr","locations":[{"start":{"line":196,"column":8},"end":{"line":196,"column":15}},{"start":{"line":196,"column":19},"end":{"line":196,"column":45}}]},"25":{"loc":{"start":{"line":205,"column":8},"end":{"line":205,"column":42}},"type":"if","locations":[{"start":{"line":205,"column":8},"end":{"line":205,"column":42}},{"start":{},"end":{}}]},"26":{"loc":{"start":{"line":208,"column":8},"end":{"line":210,"column":9}},"type":"if","locations":[{"start":{"line":208,"column":8},"end":{"line":210,"column":9}},{"start":{},"end":{}}]},"27":{"loc":{"start":{"line":215,"column":11},"end":{"line":218,"column":45}},"type":"binary-expr","locations":[{"start":{"line":215,"column":11},"end":{"line":215,"column":50}},{"start":{"line":216,"column":11},"end":{"line":216,"column":50}},{"start":{"line":217,"column":11},"end":{"line":217,"column":48}},{"start":{"line":218,"column":11},"end":{"line":218,"column":45}}]}},"s":{"0":1,"1":1,"2":1,"3":51,"4":0,"5":1,"6":5,"7":2,"8":11,"9":4,"10":7,"11":7,"12":0,"13":0,"14":7,"15":27,"16":27,"17":5,"18":5,"19":13,"20":13,"21":3,"22":3,"23":3,"24":3,"25":13,"26":3,"27":10,"28":10,"29":10,"30":5,"31":10,"32":1,"33":12,"34":12,"35":1,"36":1,"37":1,"38":2,"39":2,"40":2,"41":1,"42":4,"43":6,"44":1,"45":4,"46":6,"47":1,"48":16,"49":6,"50":97,"51":97,"52":83,"53":83,"54":83,"55":2,"56":2,"57":81,"58":2,"59":79,"60":83,"61":83,"62":23,"63":3,"64":20,"65":2,"66":18,"67":18,"68":18,"69":83,"70":83,"71":1,"72":1,"73":82,"74":1,"75":114,"76":2,"77":112,"78":324,"79":309,"80":15,"81":15,"82":3,"83":12,"84":112},"f":{"0":51,"1":5,"2":2,"3":11,"4":0,"5":27,"6":5,"7":13,"8":3,"9":3,"10":13,"11":12,"12":1,"13":1,"14":1,"15":2,"16":2,"17":2,"18":4,"19":6,"20":4,"21":6,"22":16,"23":6,"24":97,"25":83,"26":83,"27":83,"28":114,"29":324},"b":{"0":[0,51],"1":[51,51],"2":[4,7],"3":[11,10,9,8],"4":[0,7],"5":[0,0],"6":[10,17],"7":[27,17],"8":[3,10],"9":[13,11],"10":[5,5],"11":[10,7],"12":[8,2],"13":[6,4,3],"14":[2,81],"15":[2,79],"16":[81,6],"17":[23,60],"18":[3,20],"19":[2,18],"20":[8,10],"21":[18,13],"22":[1,82],"23":[2,112],"24":[114,113],"25":[309,15],"26":[3,12],"27":[112,109,103,97]}}
,"D:\\Projects\\battery-state-card\\src\\rich-string-processor.ts": {"path":"D:\\Projects\\battery-state-card\\src\\rich-string-processor.ts","statementMap":{"0":{"start":{"line":2,"column":0},"end":{"line":2,"column":30}},"1":{"start":{"line":4,"column":27},"end":{"line":31,"column":2}},"2":{"start":{"line":38,"column":24},"end":{"line":38,"column":43}},"3":{"start":{"line":38,"column":53},"end":{"line":38,"column":86}},"4":{"start":{"line":45,"column":8},"end":{"line":47,"column":9}},"5":{"start":{"line":46,"column":12},"end":{"line":46,"column":22}},"6":{"start":{"line":49,"column":8},"end":{"line":49,"column":109}},"7":{"start":{"line":49,"column":75},"end":{"line":49,"column":107}},"8":{"start":{"line":56,"column":34},"end":{"line":56,"column":52}},"9":{"start":{"line":57,"column":27},"end":{"line":57,"column":52}},"10":{"start":{"line":59,"column":22},"end":{"line":59,"column":47}},"11":{"start":{"line":61,"column":8},"end":{"line":63,"column":9}},"12":{"start":{"line":62,"column":12},"end":{"line":62,"column":32}},"13":{"start":{"line":65,"column":27},"end":{"line":72,"column":10}},"14":{"start":{"line":66,"column":26},"end":{"line":66,"column":54}},"15":{"start":{"line":67,"column":12},"end":{"line":69,"column":13}},"16":{"start":{"line":68,"column":16},"end":{"line":68,"column":33}},"17":{"start":{"line":71,"column":12},"end":{"line":71,"column":79}},"18":{"start":{"line":74,"column":23},"end":{"line":74,"column":103}},"19":{"start":{"line":74,"column":46},"end":{"line":74,"column":61}},"20":{"start":{"line":74,"column":85},"end":{"line":74,"column":95}},"21":{"start":{"line":76,"column":8},"end":{"line":76,"column":60}},"22":{"start":{"line":81,"column":8},"end":{"line":83,"column":9}},"23":{"start":{"line":82,"column":12},"end":{"line":82,"column":30}},"24":{"start":{"line":85,"column":23},"end":{"line":85,"column":44}},"25":{"start":{"line":86,"column":19},"end":{"line":86,"column":46}},"26":{"start":{"line":88,"column":8},"end":{"line":92,"column":9}},"27":{"start":{"line":89,"column":12},"end":{"line":91,"column":14}},"28":{"start":{"line":94,"column":8},"end":{"line":99,"column":9}},"29":{"start":{"line":94,"column":21},"end":{"line":94,"column":22}},"30":{"start":{"line":95,"column":12},"end":{"line":95,"column":35}},"31":{"start":{"line":96,"column":12},"end":{"line":98,"column":13}},"32":{"start":{"line":97,"column":16},"end":{"line":97,"column":22}},"33":{"start":{"line":101,"column":8},"end":{"line":103,"column":9}},"34":{"start":{"line":102,"column":12},"end":{"line":102,"column":40}},"35":{"start":{"line":105,"column":8},"end":{"line":105,"column":64}},"36":{"start":{"line":36,"column":1},"end":{"line":36,"column":14}},"37":{"start":{"line":109,"column":23},"end":{"line":109,"column":61}},"38":{"start":{"line":111,"column":50},"end":{"line":223,"column":null}},"39":{"start":{"line":113,"column":34},"end":{"line":113,"column":51}},"40":{"start":{"line":114,"column":8},"end":{"line":117,"column":9}},"41":{"start":{"line":115,"column":12},"end":{"line":115,"column":58}},"42":{"start":{"line":116,"column":12},"end":{"line":116,"column":29}},"43":{"start":{"line":119,"column":8},"end":{"line":121,"column":10}},"44":{"start":{"line":120,"column":12},"end":{"line":120,"column":null}},"45":{"start":{"line":124,"column":28},"end":{"line":124,"column":44}},"46":{"start":{"line":125,"column":8},"end":{"line":127,"column":9}},"47":{"start":{"line":126,"column":12},"end":{"line":126,"column":30}},"48":{"start":{"line":129,"column":8},"end":{"line":129,"column":61}},"49":{"start":{"line":129,"column":22},"end":{"line":129,"column":60}},"50":{"start":{"line":132,"column":8},"end":{"line":135,"column":9}},"51":{"start":{"line":133,"column":12},"end":{"line":133,"column":67}},"52":{"start":{"line":134,"column":12},"end":{"line":134,"column":30}},"53":{"start":{"line":134,"column":26},"end":{"line":134,"column":29}},"54":{"start":{"line":137,"column":27},"end":{"line":137,"column":41}},"55":{"start":{"line":139,"column":8},"end":{"line":139,"column":86}},"56":{"start":{"line":139,"column":22},"end":{"line":139,"column":85}},"57":{"start":{"line":142,"column":23},"end":{"line":142,"column":40}},"58":{"start":{"line":143,"column":8},"end":{"line":146,"column":9}},"59":{"start":{"line":144,"column":12},"end":{"line":144,"column":73}},"60":{"start":{"line":145,"column":12},"end":{"line":145,"column":30}},"61":{"start":{"line":145,"column":26},"end":{"line":145,"column":29}},"62":{"start":{"line":148,"column":26},"end":{"line":148,"column":43}},"63":{"start":{"line":149,"column":8},"end":{"line":149,"column":65}},"64":{"start":{"line":149,"column":23},"end":{"line":149,"column":64}},"65":{"start":{"line":152,"column":23},"end":{"line":152,"column":40}},"66":{"start":{"line":153,"column":8},"end":{"line":156,"column":9}},"67":{"start":{"line":154,"column":12},"end":{"line":154,"column":70}},"68":{"start":{"line":155,"column":12},"end":{"line":155,"column":30}},"69":{"start":{"line":155,"column":26},"end":{"line":155,"column":29}},"70":{"start":{"line":158,"column":26},"end":{"line":158,"column":43}},"71":{"start":{"line":159,"column":8},"end":{"line":159,"column":65}},"72":{"start":{"line":159,"column":23},"end":{"line":159,"column":64}},"73":{"start":{"line":162,"column":23},"end":{"line":162,"column":40}},"74":{"start":{"line":163,"column":8},"end":{"line":166,"column":9}},"75":{"start":{"line":164,"column":12},"end":{"line":164,"column":71}},"76":{"start":{"line":165,"column":12},"end":{"line":165,"column":30}},"77":{"start":{"line":165,"column":26},"end":{"line":165,"column":29}},"78":{"start":{"line":168,"column":29},"end":{"line":168,"column":46}},"79":{"start":{"line":169,"column":31},"end":{"line":169,"column":48}},"80":{"start":{"line":170,"column":8},"end":{"line":173,"column":null}},"81":{"start":{"line":171,"column":31},"end":{"line":171,"column":42}},"82":{"start":{"line":172,"column":12},"end":{"line":172,"column":94}},"83":{"start":{"line":176,"column":27},"end":{"line":176,"column":64}},"84":{"start":{"line":176,"column":54},"end":{"line":176,"column":63}},"85":{"start":{"line":178,"column":8},"end":{"line":188,"column":null}},"86":{"start":{"line":179,"column":31},"end":{"line":179,"column":42}},"87":{"start":{"line":180,"column":27},"end":{"line":180,"column":68}},"88":{"start":{"line":180,"column":53},"end":{"line":180,"column":67}},"89":{"start":{"line":182,"column":12},"end":{"line":185,"column":13}},"90":{"start":{"line":184,"column":16},"end":{"line":184,"column":29}},"91":{"start":{"line":187,"column":12},"end":{"line":187,"column":75}},"92":{"start":{"line":191,"column":8},"end":{"line":191,"column":47}},"93":{"start":{"line":191,"column":15},"end":{"line":191,"column":47}},"94":{"start":{"line":193,"column":23},"end":{"line":193,"column":40}},"95":{"start":{"line":194,"column":8},"end":{"line":197,"column":9}},"96":{"start":{"line":195,"column":12},"end":{"line":195,"column":68}},"97":{"start":{"line":196,"column":12},"end":{"line":196,"column":30}},"98":{"start":{"line":196,"column":26},"end":{"line":196,"column":29}},"99":{"start":{"line":199,"column":8},"end":{"line":199,"column":58}},"100":{"start":{"line":199,"column":23},"end":{"line":199,"column":57}},"101":{"start":{"line":202,"column":8},"end":{"line":205,"column":9}},"102":{"start":{"line":203,"column":12},"end":{"line":203,"column":62}},"103":{"start":{"line":204,"column":12},"end":{"line":204,"column":30}},"104":{"start":{"line":204,"column":26},"end":{"line":204,"column":29}},"105":{"start":{"line":207,"column":23},"end":{"line":207,"column":37}},"106":{"start":{"line":209,"column":8},"end":{"line":209,"column":78}},"107":{"start":{"line":209,"column":22},"end":{"line":209,"column":77}},"108":{"start":{"line":212,"column":8},"end":{"line":221,"column":10}},"109":{"start":{"line":213,"column":29},"end":{"line":213,"column":44}},"110":{"start":{"line":214,"column":12},"end":{"line":217,"column":13}},"111":{"start":{"line":215,"column":16},"end":{"line":215,"column":65}},"112":{"start":{"line":216,"column":16},"end":{"line":216,"column":27}},"113":{"start":{"line":220,"column":12},"end":{"line":220,"column":null}}},"fnMap":{"0":{"name":"(anonymous_0)","decl":{"start":{"line":38,"column":4},"end":{"line":38,"column":24}},"loc":{"start":{"line":38,"column":86},"end":{"line":39,"column":5}}},"1":{"name":"(anonymous_1)","decl":{"start":{"line":44,"column":4},"end":{"line":44,"column":11}},"loc":{"start":{"line":44,"column":24},"end":{"line":50,"column":5}}},"2":{"name":"(anonymous_2)","decl":{"start":{"line":49,"column":45},"end":{"line":49,"column":46}},"loc":{"start":{"line":49,"column":75},"end":{"line":49,"column":107}}},"3":{"name":"(anonymous_3)","decl":{"start":{"line":55,"column":12},"end":{"line":55,"column":26}},"loc":{"start":{"line":55,"column":64},"end":{"line":77,"column":5}}},"4":{"name":"(anonymous_4)","decl":{"start":{"line":65,"column":49},"end":{"line":65,"column":56}},"loc":{"start":{"line":65,"column":59},"end":{"line":72,"column":9}}},"5":{"name":"(anonymous_5)","decl":{"start":{"line":74,"column":41},"end":{"line":74,"column":42}},"loc":{"start":{"line":74,"column":46},"end":{"line":74,"column":61}}},"6":{"name":"(anonymous_6)","decl":{"start":{"line":74,"column":70},"end":{"line":74,"column":71}},"loc":{"start":{"line":74,"column":85},"end":{"line":74,"column":95}}},"7":{"name":"(anonymous_7)","decl":{"start":{"line":79,"column":12},"end":{"line":79,"column":20}},"loc":{"start":{"line":79,"column":51},"end":{"line":106,"column":5}}},"8":{"name":"(anonymous_8)","decl":{"start":{"line":112,"column":15},"end":{"line":112,"column":16}},"loc":{"start":{"line":112,"column":26},"end":{"line":122,"column":5}}},"9":{"name":"(anonymous_9)","decl":{"start":{"line":119,"column":15},"end":{"line":119,"column":18}},"loc":{"start":{"line":119,"column":21},"end":{"line":121,"column":9}}},"10":{"name":"(anonymous_10)","decl":{"start":{"line":123,"column":13},"end":{"line":123,"column":14}},"loc":{"start":{"line":123,"column":24},"end":{"line":130,"column":5}}},"11":{"name":"(anonymous_11)","decl":{"start":{"line":129,"column":15},"end":{"line":129,"column":18}},"loc":{"start":{"line":129,"column":22},"end":{"line":129,"column":60}}},"12":{"name":"(anonymous_12)","decl":{"start":{"line":131,"column":16},"end":{"line":131,"column":17}},"loc":{"start":{"line":131,"column":27},"end":{"line":140,"column":5}}},"13":{"name":"(anonymous_13)","decl":{"start":{"line":134,"column":19},"end":{"line":134,"column":22}},"loc":{"start":{"line":134,"column":26},"end":{"line":134,"column":29}}},"14":{"name":"(anonymous_14)","decl":{"start":{"line":139,"column":15},"end":{"line":139,"column":18}},"loc":{"start":{"line":139,"column":22},"end":{"line":139,"column":85}}},"15":{"name":"(anonymous_15)","decl":{"start":{"line":141,"column":19},"end":{"line":141,"column":20}},"loc":{"start":{"line":141,"column":30},"end":{"line":150,"column":5}}},"16":{"name":"(anonymous_16)","decl":{"start":{"line":145,"column":19},"end":{"line":145,"column":22}},"loc":{"start":{"line":145,"column":26},"end":{"line":145,"column":29}}},"17":{"name":"(anonymous_17)","decl":{"start":{"line":149,"column":15},"end":{"line":149,"column":18}},"loc":{"start":{"line":149,"column":23},"end":{"line":149,"column":64}}},"18":{"name":"(anonymous_18)","decl":{"start":{"line":151,"column":16},"end":{"line":151,"column":17}},"loc":{"start":{"line":151,"column":27},"end":{"line":160,"column":5}}},"19":{"name":"(anonymous_19)","decl":{"start":{"line":155,"column":19},"end":{"line":155,"column":22}},"loc":{"start":{"line":155,"column":26},"end":{"line":155,"column":29}}},"20":{"name":"(anonymous_20)","decl":{"start":{"line":159,"column":15},"end":{"line":159,"column":18}},"loc":{"start":{"line":159,"column":23},"end":{"line":159,"column":64}}},"21":{"name":"(anonymous_21)","decl":{"start":{"line":161,"column":15},"end":{"line":161,"column":16}},"loc":{"start":{"line":161,"column":26},"end":{"line":174,"column":5}}},"22":{"name":"(anonymous_22)","decl":{"start":{"line":165,"column":19},"end":{"line":165,"column":22}},"loc":{"start":{"line":165,"column":26},"end":{"line":165,"column":29}}},"23":{"name":"(anonymous_23)","decl":{"start":{"line":170,"column":15},"end":{"line":170,"column":18}},"loc":{"start":{"line":170,"column":21},"end":{"line":173,"column":9}}},"24":{"name":"(anonymous_24)","decl":{"start":{"line":175,"column":18},"end":{"line":175,"column":19}},"loc":{"start":{"line":175,"column":29},"end":{"line":189,"column":5}}},"25":{"name":"(anonymous_25)","decl":{"start":{"line":176,"column":49},"end":{"line":176,"column":50}},"loc":{"start":{"line":176,"column":54},"end":{"line":176,"column":63}}},"26":{"name":"(anonymous_26)","decl":{"start":{"line":178,"column":15},"end":{"line":178,"column":18}},"loc":{"start":{"line":178,"column":21},"end":{"line":188,"column":9}}},"27":{"name":"(anonymous_27)","decl":{"start":{"line":180,"column":48},"end":{"line":180,"column":49}},"loc":{"start":{"line":180,"column":53},"end":{"line":180,"column":67}}},"28":{"name":"(anonymous_28)","decl":{"start":{"line":190,"column":11},"end":{"line":190,"column":14}},"loc":{"start":{"line":191,"column":8},"end":{"line":191,"column":47}}},"29":{"name":"(anonymous_29)","decl":{"start":{"line":191,"column":8},"end":{"line":191,"column":11}},"loc":{"start":{"line":191,"column":15},"end":{"line":191,"column":47}}},"30":{"name":"(anonymous_30)","decl":{"start":{"line":192,"column":14},"end":{"line":192,"column":15}},"loc":{"start":{"line":192,"column":25},"end":{"line":200,"column":5}}},"31":{"name":"(anonymous_31)","decl":{"start":{"line":196,"column":19},"end":{"line":196,"column":22}},"loc":{"start":{"line":196,"column":26},"end":{"line":196,"column":29}}},"32":{"name":"(anonymous_32)","decl":{"start":{"line":199,"column":15},"end":{"line":199,"column":18}},"loc":{"start":{"line":199,"column":23},"end":{"line":199,"column":57}}},"33":{"name":"(anonymous_33)","decl":{"start":{"line":201,"column":11},"end":{"line":201,"column":12}},"loc":{"start":{"line":201,"column":22},"end":{"line":210,"column":5}}},"34":{"name":"(anonymous_34)","decl":{"start":{"line":204,"column":19},"end":{"line":204,"column":22}},"loc":{"start":{"line":204,"column":26},"end":{"line":204,"column":29}}},"35":{"name":"(anonymous_35)","decl":{"start":{"line":209,"column":15},"end":{"line":209,"column":18}},"loc":{"start":{"line":209,"column":22},"end":{"line":209,"column":77}}},"36":{"name":"(anonymous_36)","decl":{"start":{"line":211,"column":15},"end":{"line":211,"column":18}},"loc":{"start":{"line":211,"column":20},"end":{"line":222,"column":5}}},"37":{"name":"(anonymous_37)","decl":{"start":{"line":212,"column":15},"end":{"line":212,"column":18}},"loc":{"start":{"line":212,"column":21},"end":{"line":221,"column":9}}}},"branchMap":{"0":{"loc":{"start":{"line":45,"column":8},"end":{"line":47,"column":9}},"type":"if","locations":[{"start":{"line":45,"column":8},"end":{"line":47,"column":9}},{"start":{},"end":{}}]},"1":{"loc":{"start":{"line":61,"column":8},"end":{"line":63,"column":9}},"type":"if","locations":[{"start":{"line":61,"column":8},"end":{"line":63,"column":9}},{"start":{},"end":{}}]},"2":{"loc":{"start":{"line":67,"column":12},"end":{"line":69,"column":13}},"type":"if","locations":[{"start":{"line":67,"column":12},"end":{"line":69,"column":13}},{"start":{},"end":{}}]},"3":{"loc":{"start":{"line":67,"column":16},"end":{"line":67,"column":82}},"type":"binary-expr","locations":[{"start":{"line":67,"column":16},"end":{"line":67,"column":22}},{"start":{"line":67,"column":26},"end":{"line":67,"column":39}},{"start":{"line":67,"column":43},"end":{"line":67,"column":82}}]},"4":{"loc":{"start":{"line":76,"column":15},"end":{"line":76,"column":59}},"type":"cond-expr","locations":[{"start":{"line":76,"column":38},"end":{"line":76,"column":50}},{"start":{"line":76,"column":53},"end":{"line":76,"column":59}}]},"5":{"loc":{"start":{"line":81,"column":8},"end":{"line":83,"column":9}},"type":"if","locations":[{"start":{"line":81,"column":8},"end":{"line":83,"column":9}},{"start":{},"end":{}}]},"6":{"loc":{"start":{"line":88,"column":8},"end":{"line":92,"column":9}},"type":"if","locations":[{"start":{"line":88,"column":8},"end":{"line":92,"column":9}},{"start":{},"end":{}}]},"7":{"loc":{"start":{"line":96,"column":12},"end":{"line":98,"column":13}},"type":"if","locations":[{"start":{"line":96,"column":12},"end":{"line":98,"column":13}},{"start":{},"end":{}}]},"8":{"loc":{"start":{"line":101,"column":8},"end":{"line":103,"column":9}},"type":"if","locations":[{"start":{"line":101,"column":8},"end":{"line":103,"column":9}},{"start":{},"end":{}}]},"9":{"loc":{"start":{"line":105,"column":15},"end":{"line":105,"column":63}},"type":"cond-expr","locations":[{"start":{"line":105,"column":36},"end":{"line":105,"column":45}},{"start":{"line":105,"column":48},"end":{"line":105,"column":63}}]},"10":{"loc":{"start":{"line":114,"column":8},"end":{"line":117,"column":9}},"type":"if","locations":[{"start":{"line":114,"column":8},"end":{"line":117,"column":9}},{"start":{},"end":{}}]},"11":{"loc":{"start":{"line":125,"column":8},"end":{"line":127,"column":9}},"type":"if","locations":[{"start":{"line":125,"column":8},"end":{"line":127,"column":9}},{"start":{},"end":{}}]},"12":{"loc":{"start":{"line":132,"column":8},"end":{"line":135,"column":9}},"type":"if","locations":[{"start":{"line":132,"column":8},"end":{"line":135,"column":9}},{"start":{},"end":{}}]},"13":{"loc":{"start":{"line":139,"column":22},"end":{"line":139,"column":85}},"type":"cond-expr","locations":[{"start":{"line":139,"column":42},"end":{"line":139,"column":45}},{"start":{"line":139,"column":48},"end":{"line":139,"column":85}}]},"14":{"loc":{"start":{"line":143,"column":8},"end":{"line":146,"column":9}},"type":"if","locations":[{"start":{"line":143,"column":8},"end":{"line":146,"column":9}},{"start":{},"end":{}}]},"15":{"loc":{"start":{"line":149,"column":23},"end":{"line":149,"column":64}},"type":"cond-expr","locations":[{"start":{"line":149,"column":49},"end":{"line":149,"column":58}},{"start":{"line":149,"column":61},"end":{"line":149,"column":64}}]},"16":{"loc":{"start":{"line":153,"column":8},"end":{"line":156,"column":9}},"type":"if","locations":[{"start":{"line":153,"column":8},"end":{"line":156,"column":9}},{"start":{},"end":{}}]},"17":{"loc":{"start":{"line":159,"column":23},"end":{"line":159,"column":64}},"type":"cond-expr","locations":[{"start":{"line":159,"column":49},"end":{"line":159,"column":58}},{"start":{"line":159,"column":61},"end":{"line":159,"column":64}}]},"18":{"loc":{"start":{"line":163,"column":8},"end":{"line":166,"column":9}},"type":"if","locations":[{"start":{"line":163,"column":8},"end":{"line":166,"column":9}},{"start":{},"end":{}}]},"19":{"loc":{"start":{"line":172,"column":19},"end":{"line":172,"column":93}},"type":"cond-expr","locations":[{"start":{"line":172,"column":78},"end":{"line":172,"column":87}},{"start":{"line":172,"column":90},"end":{"line":172,"column":93}}]},"20":{"loc":{"start":{"line":172,"column":19},"end":{"line":172,"column":75}},"type":"binary-expr","locations":[{"start":{"line":172,"column":19},"end":{"line":172,"column":44}},{"start":{"line":172,"column":48},"end":{"line":172,"column":75}}]},"21":{"loc":{"start":{"line":182,"column":12},"end":{"line":185,"column":13}},"type":"if","locations":[{"start":{"line":182,"column":12},"end":{"line":185,"column":13}},{"start":{},"end":{}}]},"22":{"loc":{"start":{"line":194,"column":8},"end":{"line":197,"column":9}},"type":"if","locations":[{"start":{"line":194,"column":8},"end":{"line":197,"column":9}},{"start":{},"end":{}}]},"23":{"loc":{"start":{"line":199,"column":23},"end":{"line":199,"column":57}},"type":"cond-expr","locations":[{"start":{"line":199,"column":42},"end":{"line":199,"column":51}},{"start":{"line":199,"column":54},"end":{"line":199,"column":57}}]},"24":{"loc":{"start":{"line":202,"column":8},"end":{"line":205,"column":9}},"type":"if","locations":[{"start":{"line":202,"column":8},"end":{"line":205,"column":9}},{"start":{},"end":{}}]},"25":{"loc":{"start":{"line":209,"column":22},"end":{"line":209,"column":77}},"type":"cond-expr","locations":[{"start":{"line":209,"column":38},"end":{"line":209,"column":41}},{"start":{"line":209,"column":44},"end":{"line":209,"column":77}}]},"26":{"loc":{"start":{"line":214,"column":12},"end":{"line":217,"column":13}},"type":"if","locations":[{"start":{"line":214,"column":12},"end":{"line":217,"column":13}},{"start":{},"end":{}}]}},"s":{"0":5,"1":5,"2":115,"3":115,"4":75,"5":3,"6":72,"7":65,"8":65,"9":65,"10":65,"11":65,"12":1,"13":64,"14":79,"15":79,"16":0,"17":79,"18":64,"19":79,"20":79,"21":64,"22":65,"23":0,"24":65,"25":65,"26":65,"27":6,"28":65,"29":65,"30":68,"31":68,"32":1,"33":65,"34":0,"35":65,"36":5,"37":5,"38":5,"39":3,"40":3,"41":0,"42":0,"43":3,"44":3,"45":4,"46":4,"47":2,"48":4,"49":4,"50":4,"51":1,"52":1,"53":1,"54":3,"55":3,"56":3,"57":25,"58":25,"59":1,"60":1,"61":1,"62":24,"63":24,"64":24,"65":9,"66":9,"67":1,"68":1,"69":1,"70":8,"71":8,"72":8,"73":9,"74":9,"75":1,"76":1,"77":1,"78":8,"79":8,"80":8,"81":8,"82":8,"83":9,"84":34,"85":9,"86":9,"87":9,"88":26,"89":9,"90":2,"91":7,"92":6,"93":6,"94":3,"95":3,"96":1,"97":1,"98":1,"99":2,"100":2,"101":4,"102":1,"103":1,"104":1,"105":3,"106":3,"107":3,"108":3,"109":3,"110":3,"111":1,"112":1,"113":2},"f":{"0":115,"1":75,"2":65,"3":65,"4":79,"5":79,"6":79,"7":65,"8":3,"9":3,"10":4,"11":4,"12":4,"13":1,"14":3,"15":25,"16":1,"17":24,"18":9,"19":1,"20":8,"21":9,"22":1,"23":8,"24":9,"25":34,"26":9,"27":26,"28":6,"29":6,"30":3,"31":1,"32":2,"33":4,"34":1,"35":3,"36":3,"37":3},"b":{"0":[3,72],"1":[1,64],"2":[0,79],"3":[79,79,79],"4":[0,64],"5":[0,65],"6":[6,59],"7":[1,67],"8":[0,65],"9":[1,64],"10":[0,3],"11":[2,2],"12":[1,3],"13":[0,3],"14":[1,24],"15":[6,18],"16":[1,8],"17":[1,7],"18":[1,8],"19":[3,5],"20":[8,6],"21":[2,7],"22":[1,2],"23":[1,1],"24":[1,3],"25":[0,3],"26":[1,2]}}
,"D:\\Projects\\battery-state-card\\src\\sorting.ts": {"path":"D:\\Projects\\battery-state-card\\src\\sorting.ts","statementMap":{"0":{"start":{"line":2,"column":0},"end":{"line":2,"column":79}},"1":{"start":{"line":10,"column":40},"end":{"line":69,"column":1}},"2":{"start":{"line":11,"column":26},"end":{"line":11,"column":48}},"3":{"start":{"line":13,"column":24},"end":{"line":13,"column":70}},"4":{"start":{"line":15,"column":4},"end":{"line":68,"column":7}},"5":{"start":{"line":16,"column":21},"end":{"line":16,"column":22}},"6":{"start":{"line":17,"column":8},"end":{"line":65,"column":11}},"7":{"start":{"line":22,"column":12},"end":{"line":42,"column":13}},"8":{"start":{"line":24,"column":20},"end":{"line":24,"column":47}},"9":{"start":{"line":25,"column":20},"end":{"line":25,"column":47}},"10":{"start":{"line":26,"column":20},"end":{"line":26,"column":26}},"11":{"start":{"line":29,"column":20},"end":{"line":29,"column":121}},"12":{"start":{"line":30,"column":20},"end":{"line":30,"column":121}},"13":{"start":{"line":31,"column":20},"end":{"line":31,"column":26}},"14":{"start":{"line":33,"column":20},"end":{"line":41,"column":21}},"15":{"start":{"line":34,"column":52},"end":{"line":34,"column":68}},"16":{"start":{"line":35,"column":24},"end":{"line":35,"column":43}},"17":{"start":{"line":36,"column":24},"end":{"line":36,"column":140}},"18":{"start":{"line":36,"column":66},"end":{"line":36,"column":106}},"19":{"start":{"line":37,"column":24},"end":{"line":37,"column":140}},"20":{"start":{"line":37,"column":66},"end":{"line":37,"column":106}},"21":{"start":{"line":40,"column":24},"end":{"line":40,"column":67}},"22":{"start":{"line":44,"column":12},"end":{"line":57,"column":13}},"23":{"start":{"line":45,"column":16},"end":{"line":45,"column":52}},"24":{"start":{"line":47,"column":17},"end":{"line":57,"column":13}},"25":{"start":{"line":48,"column":16},"end":{"line":53,"column":17}},"26":{"start":{"line":49,"column":20},"end":{"line":49,"column":31}},"27":{"start":{"line":52,"column":20},"end":{"line":52,"column":32}},"28":{"start":{"line":56,"column":16},"end":{"line":56,"column":52}},"29":{"start":{"line":59,"column":12},"end":{"line":62,"column":13}},"30":{"start":{"line":61,"column":16},"end":{"line":61,"column":29}},"31":{"start":{"line":64,"column":12},"end":{"line":64,"column":31}},"32":{"start":{"line":67,"column":8},"end":{"line":67,"column":22}},"33":{"start":{"line":10,"column":14},"end":{"line":10,"column":40}},"34":{"start":{"line":77,"column":24},"end":{"line":83,"column":1}},"35":{"start":{"line":78,"column":15},"end":{"line":78,"column":26}},"36":{"start":{"line":79,"column":15},"end":{"line":79,"column":26}},"37":{"start":{"line":80,"column":4},"end":{"line":80,"column":35}},"38":{"start":{"line":81,"column":4},"end":{"line":81,"column":35}},"39":{"start":{"line":82,"column":4},"end":{"line":82,"column":23}},"40":{"start":{"line":92,"column":24},"end":{"line":92,"column":76}},"41":{"start":{"line":92,"column":58},"end":{"line":92,"column":76}}},"fnMap":{"0":{"name":"(anonymous_0)","decl":{"start":{"line":10,"column":40},"end":{"line":10,"column":41}},"loc":{"start":{"line":10,"column":112},"end":{"line":69,"column":1}}},"1":{"name":"(anonymous_1)","decl":{"start":{"line":15,"column":32},"end":{"line":15,"column":33}},"loc":{"start":{"line":15,"column":45},"end":{"line":68,"column":5}}},"2":{"name":"(anonymous_2)","decl":{"start":{"line":17,"column":25},"end":{"line":17,"column":26}},"loc":{"start":{"line":17,"column":29},"end":{"line":65,"column":9}}},"3":{"name":"(anonymous_3)","decl":{"start":{"line":36,"column":49},"end":{"line":36,"column":50}},"loc":{"start":{"line":36,"column":66},"end":{"line":36,"column":106}}},"4":{"name":"(anonymous_4)","decl":{"start":{"line":37,"column":49},"end":{"line":37,"column":50}},"loc":{"start":{"line":37,"column":66},"end":{"line":37,"column":106}}},"5":{"name":"(anonymous_5)","decl":{"start":{"line":77,"column":24},"end":{"line":77,"column":25}},"loc":{"start":{"line":77,"column":57},"end":{"line":83,"column":1}}},"6":{"name":"(anonymous_6)","decl":{"start":{"line":92,"column":24},"end":{"line":92,"column":25}},"loc":{"start":{"line":92,"column":58},"end":{"line":92,"column":76}}}},"branchMap":{"0":{"loc":{"start":{"line":22,"column":12},"end":{"line":42,"column":13}},"type":"switch","locations":[{"start":{"line":23,"column":16},"end":{"line":26,"column":26}},{"start":{"line":27,"column":16},"end":{"line":31,"column":26}},{"start":{"line":32,"column":16},"end":{"line":41,"column":21}}]},"1":{"loc":{"start":{"line":29,"column":27},"end":{"line":29,"column":120}},"type":"cond-expr","locations":[{"start":{"line":29,"column":70},"end":{"line":29,"column":90}},{"start":{"line":29,"column":93},"end":{"line":29,"column":120}}]},"2":{"loc":{"start":{"line":30,"column":27},"end":{"line":30,"column":120}},"type":"cond-expr","locations":[{"start":{"line":30,"column":70},"end":{"line":30,"column":90}},{"start":{"line":30,"column":93},"end":{"line":30,"column":120}}]},"3":{"loc":{"start":{"line":33,"column":20},"end":{"line":41,"column":21}},"type":"if","locations":[{"start":{"line":33,"column":20},"end":{"line":41,"column":21}},{"start":{"line":39,"column":25},"end":{"line":41,"column":21}}]},"4":{"loc":{"start":{"line":36,"column":66},"end":{"line":36,"column":106}},"type":"cond-expr","locations":[{"start":{"line":36,"column":86},"end":{"line":36,"column":95}},{"start":{"line":36,"column":98},"end":{"line":36,"column":106}}]},"5":{"loc":{"start":{"line":37,"column":66},"end":{"line":37,"column":106}},"type":"cond-expr","locations":[{"start":{"line":37,"column":86},"end":{"line":37,"column":95}},{"start":{"line":37,"column":98},"end":{"line":37,"column":106}}]},"6":{"loc":{"start":{"line":44,"column":12},"end":{"line":57,"column":13}},"type":"if","locations":[{"start":{"line":44,"column":12},"end":{"line":57,"column":13}},{"start":{"line":47,"column":17},"end":{"line":57,"column":13}}]},"7":{"loc":{"start":{"line":44,"column":16},"end":{"line":44,"column":48}},"type":"binary-expr","locations":[{"start":{"line":44,"column":16},"end":{"line":44,"column":30}},{"start":{"line":44,"column":34},"end":{"line":44,"column":48}}]},"8":{"loc":{"start":{"line":47,"column":17},"end":{"line":57,"column":13}},"type":"if","locations":[{"start":{"line":47,"column":17},"end":{"line":57,"column":13}},{"start":{"line":55,"column":17},"end":{"line":57,"column":13}}]},"9":{"loc":{"start":{"line":48,"column":16},"end":{"line":53,"column":17}},"type":"if","locations":[{"start":{"line":48,"column":16},"end":{"line":53,"column":17}},{"start":{"line":51,"column":21},"end":{"line":53,"column":17}}]},"10":{"loc":{"start":{"line":59,"column":12},"end":{"line":62,"column":13}},"type":"if","locations":[{"start":{"line":59,"column":12},"end":{"line":62,"column":13}},{"start":{},"end":{}}]},"11":{"loc":{"start":{"line":80,"column":11},"end":{"line":80,"column":34}},"type":"cond-expr","locations":[{"start":{"line":80,"column":25},"end":{"line":80,"column":27}},{"start":{"line":80,"column":30},"end":{"line":80,"column":34}}]},"12":{"loc":{"start":{"line":81,"column":11},"end":{"line":81,"column":34}},"type":"cond-expr","locations":[{"start":{"line":81,"column":25},"end":{"line":81,"column":27}},{"start":{"line":81,"column":30},"end":{"line":81,"column":34}}]}},"s":{"0":1,"1":1,"2":26,"3":26,"4":26,"5":150,"6":150,"7":156,"8":62,"9":62,"10":62,"11":77,"12":77,"13":77,"14":17,"15":15,"16":15,"17":15,"18":15,"19":15,"20":15,"21":2,"22":156,"23":74,"24":82,"25":5,"26":3,"27":2,"28":77,"29":156,"30":41,"31":156,"32":150,"33":1,"34":1,"35":74,"36":74,"37":74,"38":74,"39":74,"40":1,"41":77},"f":{"0":26,"1":150,"2":156,"3":15,"4":15,"5":74,"6":77},"b":{"0":[62,77,17],"1":[77,0],"2":[77,0],"3":[15,2],"4":[0,15],"5":[0,15],"6":[74,82],"7":[156,83],"8":[5,77],"9":[3,2],"10":[41,115],"11":[1,73],"12":[3,71]}}
,"D:\\Projects\\battery-state-card\\src\\utils.ts": {"path":"D:\\Projects\\battery-state-card\\src\\utils.ts","statementMap":{"0":{"start":{"line":3,"column":28},"end":{"line":6,"column":null}},"1":{"start":{"line":3,"column":34},"end":{"line":6,"column":null}},"2":{"start":{"line":3,"column":13},"end":{"line":3,"column":28}},"3":{"start":{"line":12,"column":23},"end":{"line":12,"column":40}},"4":{"start":{"line":19,"column":19},"end":{"line":27,"column":1}},"5":{"start":{"line":20,"column":16},"end":{"line":20,"column":37}},"6":{"start":{"line":21,"column":4},"end":{"line":23,"column":5}},"7":{"start":{"line":22,"column":8},"end":{"line":22,"column":15}},"8":{"start":{"line":25,"column":4},"end":{"line":25,"column":28}},"9":{"start":{"line":26,"column":4},"end":{"line":26,"column":54}},"10":{"start":{"line":19,"column":13},"end":{"line":19,"column":19}},"11":{"start":{"line":33,"column":24},"end":{"line":44,"column":1}},"12":{"start":{"line":34,"column":4},"end":{"line":36,"column":5}},"13":{"start":{"line":35,"column":8},"end":{"line":35,"column":21}},"14":{"start":{"line":38,"column":4},"end":{"line":41,"column":5}},"15":{"start":{"line":40,"column":8},"end":{"line":40,"column":40}},"16":{"start":{"line":43,"column":4},"end":{"line":43,"column":49}},"17":{"start":{"line":33,"column":13},"end":{"line":33,"column":24}},"18":{"start":{"line":51,"column":24},"end":{"line":58,"column":1}},"19":{"start":{"line":52,"column":4},"end":{"line":55,"column":5}},"20":{"start":{"line":54,"column":8},"end":{"line":54,"column":40}},"21":{"start":{"line":57,"column":4},"end":{"line":57,"column":25}},"22":{"start":{"line":51,"column":13},"end":{"line":51,"column":24}},"23":{"start":{"line":64,"column":28},"end":{"line":70,"column":1}},"24":{"start":{"line":65,"column":4},"end":{"line":67,"column":5}},"25":{"start":{"line":66,"column":8},"end":{"line":66,"column":19}},"26":{"start":{"line":69,"column":4},"end":{"line":69,"column":42}},"27":{"start":{"line":64,"column":13},"end":{"line":64,"column":28}},"28":{"start":{"line":99,"column":43},"end":{"line":101,"column":1}},"29":{"start":{"line":100,"column":4},"end":{"line":100,"column":76}},"30":{"start":{"line":100,"column":40},"end":{"line":100,"column":74}},"31":{"start":{"line":99,"column":13},"end":{"line":99,"column":43}},"32":{"start":{"line":108,"column":36},"end":{"line":121,"column":1}},"33":{"start":{"line":110,"column":4},"end":{"line":118,"column":5}},"34":{"start":{"line":112,"column":32},"end":{"line":112,"column":34}},"35":{"start":{"line":113,"column":12},"end":{"line":113,"column":41}},"36":{"start":{"line":114,"column":12},"end":{"line":114,"column":26}},"37":{"start":{"line":117,"column":12},"end":{"line":117,"column":32}},"38":{"start":{"line":120,"column":4},"end":{"line":120,"column":17}},"39":{"start":{"line":108,"column":14},"end":{"line":108,"column":36}},"40":{"start":{"line":128,"column":29},"end":{"line":140,"column":1}},"41":{"start":{"line":130,"column":4},"end":{"line":139,"column":null}},"42":{"start":{"line":131,"column":8},"end":{"line":135,"column":9}},"43":{"start":{"line":133,"column":12},"end":{"line":133,"column":38}},"44":{"start":{"line":134,"column":12},"end":{"line":134,"column":31}},"45":{"start":{"line":138,"column":8},"end":{"line":138,"column":68}},"46":{"start":{"line":138,"column":39},"end":{"line":138,"column":61}},"47":{"start":{"line":128,"column":13},"end":{"line":128,"column":29}},"48":{"start":{"line":143,"column":21},"end":{"line":143,"column":44}},"49":{"start":{"line":149,"column":34},"end":{"line":161,"column":1}},"50":{"start":{"line":150,"column":4},"end":{"line":158,"column":5}},"51":{"start":{"line":151,"column":8},"end":{"line":151,"column":65}},"52":{"start":{"line":154,"column":22},"end":{"line":154,"column":49}},"53":{"start":{"line":155,"column":8},"end":{"line":157,"column":9}},"54":{"start":{"line":156,"column":12},"end":{"line":156,"column":54}},"55":{"start":{"line":160,"column":4},"end":{"line":160,"column":16}},"56":{"start":{"line":149,"column":13},"end":{"line":149,"column":34}},"57":{"start":{"line":169,"column":34},"end":{"line":184,"column":1}},"58":{"start":{"line":170,"column":19},"end":{"line":170,"column":34}},"59":{"start":{"line":172,"column":4},"end":{"line":177,"column":5}},"60":{"start":{"line":172,"column":17},"end":{"line":172,"column":18}},"61":{"start":{"line":173,"column":8},"end":{"line":173,"column":43}},"62":{"start":{"line":174,"column":8},"end":{"line":176,"column":9}},"63":{"start":{"line":175,"column":12},"end":{"line":175,"column":18}},"64":{"start":{"line":179,"column":4},"end":{"line":181,"column":5}},"65":{"start":{"line":180,"column":8},"end":{"line":180,"column":48}},"66":{"start":{"line":183,"column":4},"end":{"line":183,"column":22}},"67":{"start":{"line":169,"column":13},"end":{"line":169,"column":34}},"68":{"start":{"line":191,"column":32},"end":{"line":212,"column":1}},"69":{"start":{"line":193,"column":8},"end":{"line":195,"column":9}},"70":{"start":{"line":194,"column":12},"end":{"line":194,"column":30}},"71":{"start":{"line":197,"column":35},"end":{"line":197,"column":76}},"72":{"start":{"line":199,"column":8},"end":{"line":209,"column":5}},"73":{"start":{"line":200,"column":12},"end":{"line":200,"column":55}},"74":{"start":{"line":201,"column":12},"end":{"line":203,"column":28}},"75":{"start":{"line":205,"column":28},"end":{"line":205,"column":111}},"76":{"start":{"line":206,"column":12},"end":{"line":208,"column":13}},"77":{"start":{"line":207,"column":16},"end":{"line":207,"column":57}},"78":{"start":{"line":211,"column":4},"end":{"line":211,"column":22}},"79":{"start":{"line":191,"column":13},"end":{"line":191,"column":32}}},"fnMap":{"0":{"name":"(anonymous_0)","decl":{"start":{"line":3,"column":28},"end":{"line":3,"column":31}},"loc":{"start":{"line":3,"column":34},"end":{"line":6,"column":null}}},"1":{"name":"(anonymous_1)","decl":{"start":{"line":19,"column":19},"end":{"line":19,"column":20}},"loc":{"start":{"line":19,"column":73},"end":{"line":27,"column":1}}},"2":{"name":"(anonymous_2)","decl":{"start":{"line":33,"column":24},"end":{"line":33,"column":25}},"loc":{"start":{"line":33,"column":89},"end":{"line":44,"column":1}}},"3":{"name":"(anonymous_3)","decl":{"start":{"line":51,"column":24},"end":{"line":51,"column":25}},"loc":{"start":{"line":51,"column":88},"end":{"line":58,"column":1}}},"4":{"name":"(anonymous_4)","decl":{"start":{"line":64,"column":28},"end":{"line":64,"column":32}},"loc":{"start":{"line":64,"column":65},"end":{"line":70,"column":1}}},"5":{"name":"(anonymous_5)","decl":{"start":{"line":99,"column":43},"end":{"line":99,"column":47}},"loc":{"start":{"line":99,"column":103},"end":{"line":101,"column":1}}},"6":{"name":"(anonymous_6)","decl":{"start":{"line":100,"column":35},"end":{"line":100,"column":36}},"loc":{"start":{"line":100,"column":40},"end":{"line":100,"column":74}}},"7":{"name":"(anonymous_7)","decl":{"start":{"line":108,"column":36},"end":{"line":108,"column":40}},"loc":{"start":{"line":108,"column":95},"end":{"line":121,"column":1}}},"8":{"name":"(anonymous_8)","decl":{"start":{"line":128,"column":29},"end":{"line":128,"column":59}},"loc":{"start":{"line":128,"column":86},"end":{"line":140,"column":1}}},"9":{"name":"(anonymous_9)","decl":{"start":{"line":130,"column":18},"end":{"line":130,"column":19}},"loc":{"start":{"line":130,"column":34},"end":{"line":139,"column":5}}},"10":{"name":"(anonymous_10)","decl":{"start":{"line":138,"column":33},"end":{"line":138,"column":36}},"loc":{"start":{"line":138,"column":39},"end":{"line":138,"column":61}}},"11":{"name":"(anonymous_11)","decl":{"start":{"line":149,"column":34},"end":{"line":149,"column":35}},"loc":{"start":{"line":149,"column":69},"end":{"line":161,"column":1}}},"12":{"name":"(anonymous_12)","decl":{"start":{"line":169,"column":34},"end":{"line":169,"column":35}},"loc":{"start":{"line":169,"column":114},"end":{"line":184,"column":1}}},"13":{"name":"(anonymous_13)","decl":{"start":{"line":191,"column":32},"end":{"line":191,"column":33}},"loc":{"start":{"line":191,"column":112},"end":{"line":212,"column":1}}}},"branchMap":{"0":{"loc":{"start":{"line":19,"column":37},"end":{"line":19,"column":69}},"type":"default-arg","locations":[{"start":{"line":19,"column":63},"end":{"line":19,"column":69}}]},"1":{"loc":{"start":{"line":21,"column":4},"end":{"line":23,"column":5}},"type":"if","locations":[{"start":{"line":21,"column":4},"end":{"line":23,"column":5}},{"start":{},"end":{}}]},"2":{"loc":{"start":{"line":34,"column":4},"end":{"line":36,"column":5}},"type":"if","locations":[{"start":{"line":34,"column":4},"end":{"line":36,"column":5}},{"start":{},"end":{}}]},"3":{"loc":{"start":{"line":34,"column":8},"end":{"line":34,"column":75}},"type":"binary-expr","locations":[{"start":{"line":34,"column":8},"end":{"line":34,"column":27}},{"start":{"line":34,"column":31},"end":{"line":34,"column":45}},{"start":{"line":34,"column":49},"end":{"line":34,"column":75}}]},"4":{"loc":{"start":{"line":38,"column":4},"end":{"line":41,"column":5}},"type":"if","locations":[{"start":{"line":38,"column":4},"end":{"line":41,"column":5}},{"start":{},"end":{}}]},"5":{"loc":{"start":{"line":43,"column":11},"end":{"line":43,"column":48}},"type":"binary-expr","locations":[{"start":{"line":43,"column":11},"end":{"line":43,"column":23}},{"start":{"line":43,"column":27},"end":{"line":43,"column":48}}]},"6":{"loc":{"start":{"line":52,"column":4},"end":{"line":55,"column":5}},"type":"if","locations":[{"start":{"line":52,"column":4},"end":{"line":55,"column":5}},{"start":{},"end":{}}]},"7":{"loc":{"start":{"line":65,"column":4},"end":{"line":67,"column":5}},"type":"if","locations":[{"start":{"line":65,"column":4},"end":{"line":67,"column":5}},{"start":{},"end":{}}]},"8":{"loc":{"start":{"line":69,"column":11},"end":{"line":69,"column":41}},"type":"cond-expr","locations":[{"start":{"line":69,"column":31},"end":{"line":69,"column":36}},{"start":{"line":69,"column":39},"end":{"line":69,"column":41}}]},"9":{"loc":{"start":{"line":110,"column":4},"end":{"line":118,"column":5}},"type":"switch","locations":[{"start":{"line":111,"column":8},"end":{"line":114,"column":26}},{"start":{"line":115,"column":8},"end":{"line":117,"column":32}}]},"10":{"loc":{"start":{"line":131,"column":8},"end":{"line":135,"column":9}},"type":"if","locations":[{"start":{"line":131,"column":8},"end":{"line":135,"column":9}},{"start":{},"end":{}}]},"11":{"loc":{"start":{"line":150,"column":4},"end":{"line":158,"column":5}},"type":"if","locations":[{"start":{"line":150,"column":4},"end":{"line":158,"column":5}},{"start":{"line":153,"column":9},"end":{"line":158,"column":5}}]},"12":{"loc":{"start":{"line":150,"column":8},"end":{"line":150,"column":63}},"type":"binary-expr","locations":[{"start":{"line":150,"column":8},"end":{"line":150,"column":25}},{"start":{"line":150,"column":29},"end":{"line":150,"column":63}}]},"13":{"loc":{"start":{"line":155,"column":8},"end":{"line":157,"column":9}},"type":"if","locations":[{"start":{"line":155,"column":8},"end":{"line":157,"column":9}},{"start":{},"end":{}}]},"14":{"loc":{"start":{"line":155,"column":12},"end":{"line":155,"column":42}},"type":"binary-expr","locations":[{"start":{"line":155,"column":12},"end":{"line":155,"column":19}},{"start":{"line":155,"column":23},"end":{"line":155,"column":42}}]},"15":{"loc":{"start":{"line":174,"column":8},"end":{"line":176,"column":9}},"type":"if","locations":[{"start":{"line":174,"column":8},"end":{"line":176,"column":9}},{"start":{},"end":{}}]},"16":{"loc":{"start":{"line":179,"column":4},"end":{"line":181,"column":5}},"type":"if","locations":[{"start":{"line":179,"column":4},"end":{"line":181,"column":5}},{"start":{},"end":{}}]},"17":{"loc":{"start":{"line":179,"column":8},"end":{"line":179,"column":60}},"type":"binary-expr","locations":[{"start":{"line":179,"column":8},"end":{"line":179,"column":27}},{"start":{"line":179,"column":31},"end":{"line":179,"column":60}}]},"18":{"loc":{"start":{"line":193,"column":8},"end":{"line":195,"column":9}},"type":"if","locations":[{"start":{"line":193,"column":8},"end":{"line":195,"column":9}},{"start":{},"end":{}}]},"19":{"loc":{"start":{"line":197,"column":35},"end":{"line":197,"column":76}},"type":"binary-expr","locations":[{"start":{"line":197,"column":35},"end":{"line":197,"column":48}},{"start":{"line":197,"column":52},"end":{"line":197,"column":76}}]},"20":{"loc":{"start":{"line":199,"column":8},"end":{"line":209,"column":5}},"type":"if","locations":[{"start":{"line":199,"column":8},"end":{"line":209,"column":5}},{"start":{},"end":{}}]},"21":{"loc":{"start":{"line":201,"column":35},"end":{"line":203,"column":27}},"type":"cond-expr","locations":[{"start":{"line":202,"column":18},"end":{"line":202,"column":76}},{"start":{"line":203,"colu
[...]
},"end":{"line":39,"column":142}},"19":{"start":{"line":40,"column":8},"end":{"line":48,"column":9}},"20":{"start":{"line":41,"column":12},"end":{"line":43,"column":21}},"21":{"start":{"line":47,"column":12},"end":{"line":47,"column":25}},"22":{"start":{"line":51,"column":37},"end":{"line":51,"column":71}},"23":{"start":{"line":53,"column":4},"end":{"line":53,"column":107}},"24":{"start":{"line":53,"column":95},"end":{"line":53,"column":105}},"25":{"start":{"line":11,"column":14},"end":{"line":11,"column":33}},"26":{"start":{"line":56,"column":41},"end":{"line":56,"column":57}},"27":{"start":{"line":57,"column":41},"end":{"line":57,"column":57}},"28":{"start":{"line":58,"column":32},"end":{"line":69,"column":1}},"29":{"start":{"line":59,"column":4},"end":{"line":61,"column":5}},"30":{"start":{"line":60,"column":8},"end":{"line":60,"column":21}},"31":{"start":{"line":63,"column":31},"end":{"line":63,"column":134}},"32":{"start":{"line":64,"column":4},"end":{"line":66,"column":5}},"33":{"start":{"line":65,"column":8},"end":{"line":65,"column":21}},"34":{"start":{"line":68,"column":4},"end":{"line":68,"column":67}},"35":{"start":{"line":77,"column":30},"end":{"line":87,"column":1}},"36":{"start":{"line":78,"column":4},"end":{"line":80,"column":5}},"37":{"start":{"line":79,"column":8},"end":{"line":79,"column":20}},"38":{"start":{"line":82,"column":4},"end":{"line":84,"column":7}},"39":{"start":{"line":83,"column":8},"end":{"line":83,"column":46}},"40":{"start":{"line":86,"column":4},"end":{"line":86,"column":16}}},"fnMap":{"0":{"name":"(anonymous_0)","decl":{"start":{"line":11,"column":33},"end":{"line":11,"column":34}},"loc":{"start":{"line":11,"column":111},"end":{"line":54,"column":1}}},"1":{"name":"(anonymous_1)","decl":{"start":{"line":39,"column":53},"end":{"line":39,"column":57}},"loc":{"start":{"line":39,"column":61},"end":{"line":39,"column":142}}},"2":{"name":"(anonymous_2)","decl":{"start":{"line":53,"column":90},"end":{"line":53,"column":91}},"loc":{"start":{"line":53,"column":95},"end":{"line":53,"column":105}}},"3":{"name":"(anonymous_3)","decl":{"start":{"line":58,"column":32},"end":{"line":58,"column":33}},"loc":{"start":{"line":58,"column":96},"end":{"line":69,"column":1}}},"4":{"name":"(anonymous_4)","decl":{"start":{"line":77,"column":30},"end":{"line":77,"column":31}},"loc":{"start":{"line":77,"column":58},"end":{"line":87,"column":1}}},"5":{"name":"(anonymous_5)","decl":{"start":{"line":82,"column":28},"end":{"line":82,"column":33}},"loc":{"start":{"line":82,"column":36},"end":{"line":84,"column":5}}}},"branchMap":{"0":{"loc":{"start":{"line":13,"column":4},"end":{"line":15,"column":5}},"type":"if","locations":[{"start":{"line":13,"column":4},"end":{"line":15,"column":5}},{"start":{},"end":{}}]},"1":{"loc":{"start":{"line":19,"column":4},"end":{"line":22,"column":5}},"type":"if","locations":[{"start":{"line":19,"column":4},"end":{"line":22,"column":5}},{"start":{},"end":{}}]},"2":{"loc":{"start":{"line":25,"column":4},"end":{"line":33,"column":5}},"type":"if","locations":[{"start":{"line":25,"column":4},"end":{"line":33,"column":5}},{"start":{},"end":{}}]},"3":{"loc":{"start":{"line":27,"column":8},"end":{"line":30,"column":9}},"type":"if","locations":[{"start":{"line":27,"column":8},"end":{"line":30,"column":9}},{"start":{},"end":{}}]},"4":{"loc":{"start":{"line":37,"column":4},"end":{"line":49,"column":5}},"type":"if","locations":[{"start":{"line":37,"column":4},"end":{"line":49,"column":5}},{"start":{},"end":{}}]},"5":{"loc":{"start":{"line":40,"column":8},"end":{"line":48,"column":9}},"type":"if","locations":[{"start":{"line":40,"column":8},"end":{"line":48,"column":9}},{"start":{"line":45,"column":13},"end":{"line":48,"column":9}}]},"6":{"loc":{"start":{"line":41,"column":19},"end":{"line":43,"column":20}},"type":"cond-expr","locations":[{"start":{"line":42,"column":16},"end":{"line":42,"column":117}},{"start":{"line":43,"column":16},"end":{"line":43,"column":20}}]},"7":{"loc":{"start":{"line":53,"column":11},"end":{"line":53,"column":106}},"type":"cond-expr","locations":[{"start":{"line":53,"column":50},"end":{"line":53,"column":57}},{"start":{"line":53,"column":60},"end":{"line":53,"column":106}}]},"8":{"loc":{"start":{"line":59,"column":4},"end":{"line":61,"column":5}},"type":"if","locations":[{"start":{"line":59,"column":4},"end":{"line":61,"column":5}},{"start":{},"end":{}}]},"9":{"loc":{"start":{"line":63,"column":31},"end":{"line":63,"column":134}},"type":"cond-expr","locations":[{"start":{"line":63,"column":35},"end":{"line":63,"column":37}},{"start":{"line":63,"column":31},"end":{"line":63,"column":134}}]},"10":{"loc":{"start":{"line":63,"column":31},"end":{"line":63,"column":37}},"type":"binary-expr","locations":[{"start":{"line":63,"column":31},"end":{"line":63,"column":37}},{"start":{"line":63,"column":31},"end":{"line":63,"column":37}}]},"11":{"loc":{"start":{"line":64,"column":4},"end":{"line":66,"column":5}},"type":"if","locations":[{"start":{"line":64,"column":4},"end":{"line":66,"column":5}},{"start":{},"end":{}}]},"12":{"loc":{"start":{"line":78,"column":4},"end":{"line":80,"column":5}},"type":"if","locations":[{"start":{"line":78,"column":4},"end":{"line":80,"column":5}},{"start":{},"end":{}}]},"13":{"loc":{"start":{"line":83,"column":15},"end":{"line":83,"column":45}},"type":"cond-expr","locations":[{"start":{"line":83,"column":22},"end":{"line":83,"column":33}},{"start":{"line":83,"column":36},"end":{"line":83,"column":45}}]}},"s":{"0":1,"1":1,"2":18,"3":18,"4":4,"5":14,"6":14,"7":1,"8":1,"9":13,"10":3,"11":3,"12":1,"13":1,"14":2,"15":12,"16":12,"17":6,"18":8,"19":6,"20":5,"21":1,"22":6,"23":6,"24":6,"25":1,"26":1,"27":1,"28":1,"29":4,"30":1,"31":3,"32":3,"33":1,"34":2,"35":1,"36":13,"37":0,"38":13,"39":17,"40":13},"f":{"0":18,"1":8,"2":6,"3":4,"4":13,"5":17},"b":{"0":[4,14],"1":[1,13],"2":[3,10],"3":[1,2],"4":[6,6],"5":[5,1],"6":[5,0],"7":[2,4],"8":[1,3],"9":[0,3],"10":[3,3],"11":[1,2],"12":[0,13],"13":[17,0]}}
,"D:\\Projects\\battery-state-card\\src\\entity-fields\\get-icon.ts": {"path":"D:\\Projects\\battery-state-card\\src\\entity-fields\\get-icon.ts","statementMap":{"0":{"start":{"line":2,"column":0},"end":{"line":2,"column":31}},"1":{"start":{"line":3,"column":0},"end":{"line":3,"column":63}},"2":{"start":{"line":5,"column":27},"end":{"line":5,"column":48}},"3":{"start":{"line":10,"column":13},"end":{"line":10,"column":44}},"4":{"start":{"line":20,"column":23},"end":{"line":68,"column":1}},"5":{"start":{"line":21,"column":4},"end":{"line":23,"column":5}},"6":{"start":{"line":22,"column":8},"end":{"line":22,"column":42}},"7":{"start":{"line":25,"column":4},"end":{"line":27,"column":5}},"8":{"start":{"line":26,"column":8},"end":{"line":26,"column":27}},"9":{"start":{"line":29,"column":4},"end":{"line":53,"column":5}},"10":{"start":{"line":31,"column":27},"end":{"line":31,"column":53}},"11":{"start":{"line":32,"column":8},"end":{"line":35,"column":9}},"12":{"start":{"line":33,"column":12},"end":{"line":33,"column":64}},"13":{"start":{"line":34,"column":12},"end":{"line":34,"column":38}},"14":{"start":{"line":37,"column":29},"end":{"line":37,"column":41}},"15":{"start":{"line":39,"column":8},"end":{"line":49,"column":9}},"16":{"start":{"line":40,"column":31},"end":{"line":40,"column":70}},"17":{"start":{"line":42,"column":24},"end":{"line":42,"column":79}},"18":{"start":{"line":43,"column":12},"end":{"line":46,"column":13}},"19":{"start":{"line":44,"column":16},"end":{"line":44,"column":84}},"20":{"start":{"line":45,"column":16},"end":{"line":45,"column":42}},"21":{"start":{"line":48,"column":12},"end":{"line":48,"column":23}},"22":{"start":{"line":51,"column":26},"end":{"line":51,"column":74}},"23":{"start":{"line":52,"column":8},"end":{"line":52,"column":46}},"24":{"start":{"line":55,"column":4},"end":{"line":57,"column":5}},"25":{"start":{"line":56,"column":8},"end":{"line":56,"column":34}},"26":{"start":{"line":59,"column":25},"end":{"line":59,"column":52}},"27":{"start":{"line":60,"column":4},"end":{"line":67,"column":5}},"28":{"start":{"line":62,"column":12},"end":{"line":62,"column":75}},"29":{"start":{"line":64,"column":12},"end":{"line":64,"column":87}},"30":{"start":{"line":66,"column":12},"end":{"line":66,"column":90}},"31":{"start":{"line":20,"column":13},"end":{"line":20,"column":23}}},"fnMap":{"0":{"name":"(anonymous_0)","decl":{"start":{"line":20,"column":23},"end":{"line":20,"column":24}},"loc":{"start":{"line":20,"column":133},"end":{"line":68,"column":1}}}},"branchMap":{"0":{"loc":{"start":{"line":21,"column":4},"end":{"line":23,"column":5}},"type":"if","locations":[{"start":{"line":21,"column":4},"end":{"line":23,"column":5}},{"start":{},"end":{}}]},"1":{"loc":{"start":{"line":21,"column":8},"end":{"line":21,"column":51}},"type":"binary-expr","locations":[{"start":{"line":21,"column":8},"end":{"line":21,"column":18}},{"start":{"line":21,"column":22},"end":{"line":21,"column":49}}]},"2":{"loc":{"start":{"line":21,"column":22},"end":{"line":21,"column":49}},"type":"cond-expr","locations":[{"start":{"line":21,"column":43},"end":{"line":21,"column":45}},{"start":{"line":21,"column":43},"end":{"line":21,"column":49}}]},"3":{"loc":{"start":{"line":21,"column":22},"end":{"line":21,"column":45}},"type":"binary-expr","locations":[{"start":{"line":21,"column":22},"end":{"line":21,"column":45}},{"start":{"line":21,"column":43},"end":{"line":21,"column":45}}]},"4":{"loc":{"start":{"line":25,"column":4},"end":{"line":27,"column":5}},"type":"if","locations":[{"start":{"line":25,"column":4},"end":{"line":27,"column":5}},{"start":{},"end":{}}]},"5":{"loc":{"start":{"line":29,"column":4},"end":{"line":53,"column":5}},"type":"if","locations":[{"start":{"line":29,"column":4},"end":{"line":53,"column":5}},{"start":{},"end":{}}]},"6":{"loc":{"start":{"line":32,"column":8},"end":{"line":35,"column":9}},"type":"if","locations":[{"start":{"line":32,"column":8},"end":{"line":35,"column":9}},{"start":{},"end":{}}]},"7":{"loc":{"start":{"line":39,"column":8},"end":{"line":49,"column":9}},"type":"if","locations":[{"start":{"line":39,"column":8},"end":{"line":49,"column":9}},{"start":{},"end":{}}]},"8":{"loc":{"start":{"line":43,"column":12},"end":{"line":46,"column":13}},"type":"if","locations":[{"start":{"line":43,"column":12},"end":{"line":46,"column":13}},{"start":{},"end":{}}]},"9":{"loc":{"start":{"line":55,"column":4},"end":{"line":57,"column":5}},"type":"if","locations":[{"start":{"line":55,"column":4},"end":{"line":57,"column":5}},{"start":{},"end":{}}]},"10":{"loc":{"start":{"line":55,"column":8},"end":{"line":55,"column":71}},"type":"binary-expr","locations":[{"start":{"line":55,"column":8},"end":{"line":55,"column":27}},{"start":{"line":55,"column":31},"end":{"line":55,"column":43}},{"start":{"line":55,"column":47},"end":{"line":55,"column":58}},{"start":{"line":55,"column":62},"end":{"line":55,"column":71}}]},"11":{"loc":{"start":{"line":60,"column":4},"end":{"line":67,"column":5}},"type":"switch","locations":[{"start":{"line":61,"column":8},"end":{"line":62,"column":75}},{"start":{"line":63,"column":8},"end":{"line":64,"column":87}},{"start":{"line":65,"column":8},"end":{"line":66,"column":90}}]},"12":{"loc":{"start":{"line":62,"column":19},"end":{"line":62,"column":74}},"type":"cond-expr","locations":[{"start":{"line":62,"column":32},"end":{"line":62,"column":58}},{"start":{"line":62,"column":61},"end":{"line":62,"column":74}}]},"13":{"loc":{"start":{"line":64,"column":19},"end":{"line":64,"column":86}},"type":"cond-expr","locations":[{"start":{"line":64,"column":32},"end":{"line":64,"column":62}},{"start":{"line":64,"column":65},"end":{"line":64,"column":86}}]},"14":{"loc":{"start":{"line":66,"column":20},"end":{"line":66,"column":73}},"type":"cond-expr","locations":[{"start":{"line":66,"column":33},"end":{"line":66,"column":56}},{"start":{"line":66,"column":59},"end":{"line":66,"column":73}}]}},"s":{"0":1,"1":1,"2":1,"3":1,"4":1,"5":35,"6":1,"7":34,"8":2,"9":32,"10":9,"11":9,"12":0,"13":0,"14":9,"15":9,"16":2,"17":2,"18":2,"19":1,"20":1,"21":1,"22":7,"23":7,"24":23,"25":3,"26":20,"27":20,"28":4,"29":2,"30":14,"31":1},"f":{"0":35},"b":{"0":[1,34],"1":[35,11],"2":[10,1],"3":[11,11],"4":[2,32],"5":[9,23],"6":[0,9],"7":[2,7],"8":[1,1],"9":[3,20],"10":[23,23,22,21],"11":[4,2,14],"12":[2,2],"13":[1,1],"14":[7,7]}}
,"D:\\Projects\\battery-state-card\\src\\entity-fields\\get-name.ts": {"path":"D:\\Projects\\battery-state-card\\src\\entity-fields\\get-name.ts","statementMap":{"0":{"start":{"line":2,"column":0},"end":{"line":2,"column":60}},"1":{"start":{"line":3,"column":0},"end":{"line":3,"column":63}},"2":{"start":{"line":12,"column":23},"end":{"line":46,"column":1}},"3":{"start":{"line":13,"column":4},"end":{"line":16,"column":5}},"4":{"start":{"line":14,"column":21},"end":{"line":14,"column":62}},"5":{"start":{"line":15,"column":8},"end":{"line":15,"column":41}},"6":{"start":{"line":18,"column":15},"end":{"line":18,"column":50}},"7":{"start":{"line":21,"column":4},"end":{"line":23,"column":5}},"8":{"start":{"line":22,"column":8},"end":{"line":22,"column":29}},"9":{"start":{"line":26,"column":57},"end":{"line":26,"column":75}},"10":{"start":{"line":28,"column":32},"end":{"line":28,"column":36}},"11":{"start":{"line":31,"column":4},"end":{"line":37,"column":5}},"12":{"start":{"line":33,"column":40},"end":{"line":33,"column":58}},"13":{"start":{"line":35,"column":8},"end":{"line":35,"column":39}},"14":{"start":{"line":36,"column":8},"end":{"line":36,"column":70}},"15":{"start":{"line":39,"column":4},"end":{"line":39,"column":43}},"16":{"start":{"line":41,"column":4},"end":{"line":43,"column":5}},"17":{"start":{"line":42,"column":8},"end":{"line":42,"column":63}},"18":{"start":{"line":45,"column":4},"end":{"line":45,"column":16}},"19":{"start":{"line":12,"column":13},"end":{"line":12,"column":23}},"20":{"start":{"line":48,"column":21},"end":{"line":59,"column":8}},"21":{"start":{"line":48,"column":87},"end":{"line":59,"column":8}},"22":{"start":{"line":49,"column":18},"end":{"line":49,"column":47}},"23":{"start":{"line":50,"column":4},"end":{"line":56,"column":5}},"24":{"start":{"line":52,"column":8},"end":{"line":52,"column":54}},"25":{"start":{"line":55,"column":8},"end":{"line":55,"column":58}},"26":{"start":{"line":58,"column":4},"end":{"line":58,"column":18}}},"fnMap":{"0":{"name":"(anonymous_0)","decl":{"start":{"line":12,"column":23},"end":{"line":12,"column":24}},"loc":{"start":{"line":12,"column":108},"end":{"line":46,"column":1}}},"1":{"name":"(anonymous_1)","decl":{"start":{"line":48,"column":21},"end":{"line":48,"column":22}},"loc":{"start":{"line":48,"column":87},"end":{"line":59,"column":8}}},"2":{"name":"(anonymous_2)","decl":{"start":{"line":48,"column":120},"end":{"line":48,"column":121}},"loc":{"start":{"line":48,"column":137},"end":{"line":59,"column":1}}}},"branchMap":{"0":{"loc":{"start":{"line":13,"column":4},"end":{"line":16,"column":5}},"type":"if","locations":[{"start":{"line":13,"column":4},"end":{"line":16,"column":5}},{"start":{},"end":{}}]},"1":{"loc":{"start":{"line":21,"column":4},"end":{"line":23,"column":5}},"type":"if","locations":[{"start":{"line":21,"column":4},"end":{"line":23,"column":5}},{"start":{},"end":{}}]},"2":{"loc":{"start":{"line":31,"column":4},"end":{"line":37,"column":5}},"type":"if","locations":[{"start":{"line":31,"column":4},"end":{"line":37,"column":5}},{"start":{},"end":{}}]},"3":{"loc":{"start":{"line":31,"column":8},"end":{"line":31,"column":118}},"type":"binary-expr","locations":[{"start":{"line":31,"column":8},"end":{"line":31,"column":26}},{"start":{"line":31,"column":30},"end":{"line":31,"column":64}},{"start":{"line":31,"column":68},"end":{"line":31,"column":118}}]},"4":{"loc":{"start":{"line":31,"column":68},"end":{"line":31,"column":104}},"type":"cond-expr","locations":[{"start":{"line":31,"column":98},"end":{"line":31,"column":100}},{"start":{"line":31,"column":98},"end":{"line":31,"column":104}}]},"5":{"loc":{"start":{"line":31,"column":68},"end":{"line":31,"column":100}},"type":"binary-expr","locations":[{"start":{"line":31,"column":68},"end":{"line":31,"column":100}},{"start":{"line":31,"column":98},"end":{"line":31,"column":100}}]},"6":{"loc":{"start":{"line":41,"column":4},"end":{"line":43,"column":5}},"type":"if","locations":[{"start":{"line":41,"column":4},"end":{"line":43,"column":5}},{"start":{},"end":{}}]},"7":{"loc":{"start":{"line":41,"column":8},"end":{"line":41,"column":44}},"type":"binary-expr","locations":[{"start":{"line":41,"column":8},"end":{"line":41,"column":29}},{"start":{"line":41,"column":33},"end":{"line":41,"column":44}}]},"8":{"loc":{"start":{"line":50,"column":4},"end":{"line":56,"column":5}},"type":"if","locations":[{"start":{"line":50,"column":4},"end":{"line":56,"column":5}},{"start":{"line":54,"column":9},"end":{"line":56,"column":5}}]},"9":{"loc":{"start":{"line":52,"column":39},"end":{"line":52,"column":52}},"type":"binary-expr","locations":[{"start":{"line":52,"column":39},"end":{"line":52,"column":46}},{"start":{"line":52,"column":50},"end":{"line":52,"column":52}}]},"10":{"loc":{"start":{"line":55,"column":43},"end":{"line":55,"column":56}},"type":"binary-expr","locations":[{"start":{"line":55,"column":43},"end":{"line":55,"column":50}},{"start":{"line":55,"column":54},"end":{"line":55,"column":56}}]}},"s":{"0":1,"1":1,"2":1,"3":20,"4":4,"5":4,"6":16,"7":16,"8":2,"9":14,"10":14,"11":14,"12":4,"13":4,"14":4,"15":14,"16":14,"17":11,"18":14,"19":1,"20":1,"21":14,"22":12,"23":12,"24":8,"25":4,"26":12},"f":{"0":20,"1":14,"2":12},"b":{"0":[4,16],"1":[2,14],"2":[4,10],"3":[14,12,9],"4":[0,9],"5":[9,9],"6":[11,3],"7":[14,12],"8":[8,4],"9":[8,8],"10":[4,1]}}
,"D:\\Projects\\battery-state-card\\src\\entity-fields\\get-secondary-info.ts": {"path":"D:\\Projects\\battery-state-card\\src\\entity-fields\\get-secondary-info.ts","statementMap":{"0":{"start":{"line":2,"column":0},"end":{"line":2,"column":63}},"1":{"start":{"line":3,"column":0},"end":{"line":3,"column":36}},"2":{"start":{"line":12,"column":32},"end":{"line":41,"column":1}},"3":{"start":{"line":13,"column":4},"end":{"line":38,"column":5}},"4":{"start":{"line":14,"column":26},"end":{"line":14,"column":67}},"5":{"start":{"line":16,"column":21},"end":{"line":16,"column":61}},"6":{"start":{"line":20,"column":8},"end":{"line":22,"column":9}},"7":{"start":{"line":21,"column":12},"end":{"line":21,"column":26}},"8":{"start":{"line":27,"column":30},"end":{"line":27,"column":111}},"9":{"start":{"line":29,"column":8},"end":{"line":35,"column":9}},"10":{"start":{"line":30,"column":28},"end":{"line":30,"column":46}},"11":{"start":{"line":31,"column":12},"end":{"line":34,"column":13}},"12":{"start":{"line":33,"column":16},"end":{"line":33,"column":44}},"13":{"start":{"line":37,"column":8},"end":{"line":37,"column":22}},"14":{"start":{"line":40,"column":4},"end":{"line":40,"column":21}},"15":{"start":{"line":12,"column":13},"end":{"line":12,"column":32}}},"fnMap":{"0":{"name":"(anonymous_0)","decl":{"start":{"line":12,"column":32},"end":{"line":12,"column":33}},"loc":{"start":{"line":12,"column":129},"end":{"line":41,"column":1}}}},"branchMap":{"0":{"loc":{"start":{"line":13,"column":4},"end":{"line":38,"column":5}},"type":"if","locations":[{"start":{"line":13,"column":4},"end":{"line":38,"column":5}},{"start":{},"end":{}}]},"1":{"loc":{"start":{"line":20,"column":8},"end":{"line":22,"column":9}},"type":"if","locations":[{"start":{"line":20,"column":8},"end":{"line":22,"column":9}},{"start":{},"end":{}}]},"2":{"loc":{"start":{"line":29,"column":8},"end":{"line":35,"column":9}},"type":"if","locations":[{"start":{"line":29,"column":8},"end":{"line":35,"column":9}},{"start":{},"end":{}}]},"3":{"loc":{"start":{"line":31,"column":12},"end":{"line":34,"column":13}},"type":"if","locations":[{"start":{"line":31,"column":12},"end":{"line":34,"column":13}},{"start":{},"end":{}}]}},"s":{"0":1,"1":1,"2":1,"3":9,"4":8,"5":8,"6":8,"7":1,"8":7,"9":7,"10":4,"11":4,"12":4,"13":3,"14":1,"15":1},"f":{"0":9},"b":{"0":[8,1],"1":[1,7],"2":[4,3],"3":[4,0]}}
}
